2023-05-24 11:25:49.907  INFO 12440 --- [main] ru.danilov.raceapi.RaceApiApplication    : Starting RaceApiApplication using Java 17.0.5 on DANILOVNA with PID 12440 (D:\работа\projects\raceAPI\target\classes started by danilov-na in D:\работа\projects\raceAPI)
2023-05-24 11:25:49.945  INFO 12440 --- [main] ru.danilov.raceapi.RaceApiApplication    : No active profile set, falling back to default profiles: default
2023-05-24 11:25:56.297  INFO 12440 --- [main] .s.d.r.c.RepositoryConfigurationDelegate : Bootstrapping Spring Data JPA repositories in DEFAULT mode.
2023-05-24 11:25:56.427  INFO 12440 --- [main] .s.d.r.c.RepositoryConfigurationDelegate : Finished Spring Data repository scanning in 117 ms. Found 1 JPA repository interfaces.
2023-05-24 11:25:57.123  INFO 12440 --- [main] trationDelegate$BeanPostProcessorChecker : Bean 'org.springframework.security.access.expression.method.DefaultMethodSecurityExpressionHandler@1de9b505' of type [org.springframework.security.access.expression.method.DefaultMethodSecurityExpressionHandler] is not eligible for getting processed by all BeanPostProcessors (for example: not eligible for auto-proxying)
2023-05-24 11:25:57.130  INFO 12440 --- [main] trationDelegate$BeanPostProcessorChecker : Bean 'methodSecurityMetadataSource' of type [org.springframework.security.access.method.DelegatingMethodSecurityMetadataSource] is not eligible for getting processed by all BeanPostProcessors (for example: not eligible for auto-proxying)
2023-05-24 11:25:57.821  INFO 12440 --- [main] o.s.b.w.embedded.tomcat.TomcatWebServer  : Tomcat initialized with port(s): 8081 (http)
2023-05-24 11:25:57.835  INFO 12440 --- [main] o.apache.catalina.core.StandardService   : Starting service [Tomcat]
2023-05-24 11:25:57.836  INFO 12440 --- [main] org.apache.catalina.core.StandardEngine  : Starting Servlet engine: [Apache Tomcat/9.0.46]
2023-05-24 11:25:58.058  INFO 12440 --- [main] o.a.c.c.C.[Tomcat].[localhost].[/]       : Initializing Spring embedded WebApplicationContext
2023-05-24 11:25:58.058  INFO 12440 --- [main] w.s.c.ServletWebServerApplicationContext : Root WebApplicationContext: initialization completed in 7551 ms
2023-05-24 11:25:58.292  INFO 12440 --- [main] com.zaxxer.hikari.HikariDataSource       : HikariPool-1 - Starting...
2023-05-24 11:25:58.635  INFO 12440 --- [main] com.zaxxer.hikari.HikariDataSource       : HikariPool-1 - Start completed.
2023-05-24 11:25:58.911  INFO 12440 --- [main] o.hibernate.jpa.internal.util.LogHelper  : HHH000204: Processing PersistenceUnitInfo [name: default]
2023-05-24 11:25:59.131  INFO 12440 --- [main] org.hibernate.Version                    : HHH000412: Hibernate ORM core version 5.4.32.Final
2023-05-24 11:25:59.477  INFO 12440 --- [main] o.hibernate.annotations.common.Version   : HCANN000001: Hibernate Commons Annotations {5.1.2.Final}
2023-05-24 11:25:59.802  INFO 12440 --- [main] org.hibernate.dialect.Dialect            : HHH000400: Using dialect: org.hibernate.dialect.PostgreSQLDialect
2023-05-24 11:26:01.887  INFO 12440 --- [main] o.h.e.t.j.p.i.JtaPlatformInitiator       : HHH000490: Using JtaPlatform implementation: [org.hibernate.engine.transaction.jta.platform.internal.NoJtaPlatform]
2023-05-24 11:26:01.913  INFO 12440 --- [main] j.LocalContainerEntityManagerFactoryBean : Initialized JPA EntityManagerFactory for persistence unit 'default'
2023-05-24 11:26:02.969  WARN 12440 --- [main] JpaBaseConfiguration$JpaWebConfiguration : spring.jpa.open-in-view is enabled by default. Therefore, database queries may be performed during view rendering. Explicitly configure spring.jpa.open-in-view to disable this warning
2023-05-24 11:26:03.444  INFO 12440 --- [main] o.s.s.web.DefaultSecurityFilterChain     : Will secure any request with [org.springframework.security.web.context.request.async.WebAsyncManagerIntegrationFilter@13dc383b, org.springframework.security.web.context.SecurityContextPersistenceFilter@462b239f, org.springframework.security.web.header.HeaderWriterFilter@74c23525, org.springframework.security.web.authentication.logout.LogoutFilter@5b3ee43e, ru.danilov.raceapi.config.JWTFilter@228958a, org.springframework.security.web.savedrequest.RequestCacheAwareFilter@2d5e051e, org.springframework.security.web.servletapi.SecurityContextHolderAwareRequestFilter@3fecb076, org.springframework.security.web.authentication.AnonymousAuthenticationFilter@6885f3f7, org.springframework.security.web.session.SessionManagementFilter@9976b27, org.springframework.security.web.access.ExceptionTranslationFilter@6f95654c, org.springframework.security.web.access.intercept.FilterSecurityInterceptor@f310675]
2023-05-24 11:26:04.374  INFO 12440 --- [main] o.s.b.w.embedded.tomcat.TomcatWebServer  : Tomcat started on port(s): 8081 (http) with context path ''
2023-05-24 11:26:04.408  INFO 12440 --- [main] ru.danilov.raceapi.RaceApiApplication    : Started RaceApiApplication in 17.69 seconds (JVM running for 26.499)
2023-05-24 11:27:28.467  INFO 12440 --- [http-nio-8081-exec-1] o.a.c.c.C.[Tomcat].[localhost].[/]       : Initializing Spring DispatcherServlet 'dispatcherServlet'
2023-05-24 11:27:28.467  INFO 12440 --- [http-nio-8081-exec-1] o.s.web.servlet.DispatcherServlet        : Initializing Servlet 'dispatcherServlet'
2023-05-24 11:27:28.469  INFO 12440 --- [http-nio-8081-exec-1] o.s.web.servlet.DispatcherServlet        : Completed initialization in 1 ms
2023-05-24 11:27:28.937 DEBUG 12440 --- [http-nio-8081-exec-1] org.hibernate.SQL                        : select person0_.id as id1_0_, person0_.jwt_token as jwt_toke2_0_, person0_.name as name3_0_, person0_.password as password4_0_, person0_.role as role5_0_ from person person0_ where person0_.name=?
2023-05-24 11:27:28.944 TRACE 12440 --- [http-nio-8081-exec-1] o.h.type.descriptor.sql.BasicBinder      : binding parameter [1] as [VARCHAR] - [user]
2023-05-24 11:27:29.051  INFO 12440 --- [http-nio-8081-exec-1] ru.danilov.raceapi.RaceApiApplication    : GET: /game/list-ready
2023-05-24 11:29:19.785 DEBUG 12440 --- [http-nio-8081-exec-4] org.hibernate.SQL                        : select person0_.id as id1_0_, person0_.jwt_token as jwt_toke2_0_, person0_.name as name3_0_, person0_.password as password4_0_, person0_.role as role5_0_ from person person0_ where person0_.name=?
2023-05-24 11:29:19.786 TRACE 12440 --- [http-nio-8081-exec-4] o.h.type.descriptor.sql.BasicBinder      : binding parameter [1] as [VARCHAR] - [user]
2023-05-24 11:29:19.788  INFO 12440 --- [http-nio-8081-exec-4] ru.danilov.raceapi.RaceApiApplication    : GET: /game/create
2023-05-24 11:29:26.393 DEBUG 12440 --- [http-nio-8081-exec-5] org.hibernate.SQL                        : select person0_.id as id1_0_, person0_.jwt_token as jwt_toke2_0_, person0_.name as name3_0_, person0_.password as password4_0_, person0_.role as role5_0_ from person person0_ where person0_.name=?
2023-05-24 11:29:26.394 TRACE 12440 --- [http-nio-8081-exec-5] o.h.type.descriptor.sql.BasicBinder      : binding parameter [1] as [VARCHAR] - [user]
2023-05-24 11:29:26.396  INFO 12440 --- [http-nio-8081-exec-5] ru.danilov.raceapi.RaceApiApplication    : GET: /game/list-ready
2023-05-24 11:29:53.497 DEBUG 12440 --- [http-nio-8081-exec-6] org.hibernate.SQL                        : select person0_.id as id1_0_, person0_.jwt_token as jwt_toke2_0_, person0_.name as name3_0_, person0_.password as password4_0_, person0_.role as role5_0_ from person person0_ where person0_.name=?
2023-05-24 11:29:53.498 TRACE 12440 --- [http-nio-8081-exec-6] o.h.type.descriptor.sql.BasicBinder      : binding parameter [1] as [VARCHAR] - [user]
2023-05-24 11:29:53.500  INFO 12440 --- [http-nio-8081-exec-6] ru.danilov.raceapi.RaceApiApplication    : GET: /game/list-ready
2023-05-24 11:35:17.720  INFO 12440 --- [SpringApplicationShutdownHook] j.LocalContainerEntityManagerFactoryBean : Closing JPA EntityManagerFactory for persistence unit 'default'
2023-05-24 11:35:17.736  INFO 12440 --- [SpringApplicationShutdownHook] com.zaxxer.hikari.HikariDataSource       : HikariPool-1 - Shutdown initiated...
2023-05-24 11:35:17.747  INFO 12440 --- [SpringApplicationShutdownHook] com.zaxxer.hikari.HikariDataSource       : HikariPool-1 - Shutdown completed.
2023-05-24 11:35:32.200  INFO 13204 --- [main] ru.danilov.raceapi.RaceApiApplication    : Starting RaceApiApplication using Java 17.0.5 on DANILOVNA with PID 13204 (D:\работа\projects\raceAPI\target\classes started by danilov-na in D:\работа\projects\raceAPI)
2023-05-24 11:35:32.204  INFO 13204 --- [main] ru.danilov.raceapi.RaceApiApplication    : No active profile set, falling back to default profiles: default
2023-05-24 11:35:34.953  INFO 13204 --- [main] .s.d.r.c.RepositoryConfigurationDelegate : Bootstrapping Spring Data JPA repositories in DEFAULT mode.
2023-05-24 11:35:35.026  INFO 13204 --- [main] .s.d.r.c.RepositoryConfigurationDelegate : Finished Spring Data repository scanning in 65 ms. Found 1 JPA repository interfaces.
2023-05-24 11:35:35.988  INFO 13204 --- [main] trationDelegate$BeanPostProcessorChecker : Bean 'org.springframework.security.access.expression.method.DefaultMethodSecurityExpressionHandler@7afc4db9' of type [org.springframework.security.access.expression.method.DefaultMethodSecurityExpressionHandler] is not eligible for getting processed by all BeanPostProcessors (for example: not eligible for auto-proxying)
2023-05-24 11:35:35.992  INFO 13204 --- [main] trationDelegate$BeanPostProcessorChecker : Bean 'methodSecurityMetadataSource' of type [org.springframework.security.access.method.DelegatingMethodSecurityMetadataSource] is not eligible for getting processed by all BeanPostProcessors (for example: not eligible for auto-proxying)
2023-05-24 11:35:36.450  INFO 13204 --- [main] o.s.b.w.embedded.tomcat.TomcatWebServer  : Tomcat initialized with port(s): 8081 (http)
2023-05-24 11:35:36.465  INFO 13204 --- [main] o.apache.catalina.core.StandardService   : Starting service [Tomcat]
2023-05-24 11:35:36.466  INFO 13204 --- [main] org.apache.catalina.core.StandardEngine  : Starting Servlet engine: [Apache Tomcat/9.0.46]
2023-05-24 11:35:36.610  INFO 13204 --- [main] o.a.c.c.C.[Tomcat].[localhost].[/]       : Initializing Spring embedded WebApplicationContext
2023-05-24 11:35:36.610  INFO 13204 --- [main] w.s.c.ServletWebServerApplicationContext : Root WebApplicationContext: initialization completed in 4304 ms
2023-05-24 11:35:36.775  INFO 13204 --- [main] com.zaxxer.hikari.HikariDataSource       : HikariPool-1 - Starting...
2023-05-24 11:35:36.971  INFO 13204 --- [main] com.zaxxer.hikari.HikariDataSource       : HikariPool-1 - Start completed.
2023-05-24 11:35:37.187  INFO 13204 --- [main] o.hibernate.jpa.internal.util.LogHelper  : HHH000204: Processing PersistenceUnitInfo [name: default]
2023-05-24 11:35:37.384  INFO 13204 --- [main] org.hibernate.Version                    : HHH000412: Hibernate ORM core version 5.4.32.Final
2023-05-24 11:35:37.736  INFO 13204 --- [main] o.hibernate.annotations.common.Version   : HCANN000001: Hibernate Commons Annotations {5.1.2.Final}
2023-05-24 11:35:37.963  INFO 13204 --- [main] org.hibernate.dialect.Dialect            : HHH000400: Using dialect: org.hibernate.dialect.PostgreSQLDialect
2023-05-24 11:35:38.764  INFO 13204 --- [main] o.h.e.t.j.p.i.JtaPlatformInitiator       : HHH000490: Using JtaPlatform implementation: [org.hibernate.engine.transaction.jta.platform.internal.NoJtaPlatform]
2023-05-24 11:35:38.775  INFO 13204 --- [main] j.LocalContainerEntityManagerFactoryBean : Initialized JPA EntityManagerFactory for persistence unit 'default'
2023-05-24 11:35:39.387  WARN 13204 --- [main] JpaBaseConfiguration$JpaWebConfiguration : spring.jpa.open-in-view is enabled by default. Therefore, database queries may be performed during view rendering. Explicitly configure spring.jpa.open-in-view to disable this warning
2023-05-24 11:35:39.693  INFO 13204 --- [main] o.s.s.web.DefaultSecurityFilterChain     : Will secure any request with [org.springframework.security.web.context.request.async.WebAsyncManagerIntegrationFilter@5819ee0f, org.springframework.security.web.context.SecurityContextPersistenceFilter@4d7c9b42, org.springframework.security.web.header.HeaderWriterFilter@38ad86b1, org.springframework.security.web.authentication.logout.LogoutFilter@70a54731, ru.danilov.raceapi.config.JWTFilter@3e5c7588, org.springframework.security.web.savedrequest.RequestCacheAwareFilter@59b3f162, org.springframework.security.web.servletapi.SecurityContextHolderAwareRequestFilter@2f29e630, org.springframework.security.web.authentication.AnonymousAuthenticationFilter@f310675, org.springframework.security.web.session.SessionManagementFilter@54087bdb, org.springframework.security.web.access.ExceptionTranslationFilter@6f87a7c7, org.springframework.security.web.access.intercept.FilterSecurityInterceptor@3c1df0e9]
2023-05-24 11:35:40.378  INFO 13204 --- [main] o.s.b.w.embedded.tomcat.TomcatWebServer  : Tomcat started on port(s): 8081 (http) with context path ''
2023-05-24 11:35:40.402  INFO 13204 --- [main] ru.danilov.raceapi.RaceApiApplication    : Started RaceApiApplication in 8.961 seconds (JVM running for 11.48)
2023-05-24 11:35:43.616  INFO 13204 --- [SpringApplicationShutdownHook] j.LocalContainerEntityManagerFactoryBean : Closing JPA EntityManagerFactory for persistence unit 'default'
2023-05-24 11:35:43.619  INFO 13204 --- [SpringApplicationShutdownHook] com.zaxxer.hikari.HikariDataSource       : HikariPool-1 - Shutdown initiated...
2023-05-24 11:35:43.625  INFO 13204 --- [SpringApplicationShutdownHook] com.zaxxer.hikari.HikariDataSource       : HikariPool-1 - Shutdown completed.
2023-05-24 11:35:57.734  INFO 6776 --- [main] ru.danilov.raceapi.RaceApiApplication    : Starting RaceApiApplication using Java 17.0.5 on DANILOVNA with PID 6776 (D:\работа\projects\raceAPI\target\classes started by danilov-na in D:\работа\projects\raceAPI)
2023-05-24 11:35:57.738  INFO 6776 --- [main] ru.danilov.raceapi.RaceApiApplication    : No active profile set, falling back to default profiles: default
2023-05-24 11:35:59.135  INFO 6776 --- [main] .s.d.r.c.RepositoryConfigurationDelegate : Bootstrapping Spring Data JPA repositories in DEFAULT mode.
2023-05-24 11:35:59.243  INFO 6776 --- [main] .s.d.r.c.RepositoryConfigurationDelegate : Finished Spring Data repository scanning in 94 ms. Found 1 JPA repository interfaces.
2023-05-24 11:35:59.786  INFO 6776 --- [main] trationDelegate$BeanPostProcessorChecker : Bean 'org.springframework.security.access.expression.method.DefaultMethodSecurityExpressionHandler@7afc4db9' of type [org.springframework.security.access.expression.method.DefaultMethodSecurityExpressionHandler] is not eligible for getting processed by all BeanPostProcessors (for example: not eligible for auto-proxying)
2023-05-24 11:35:59.803  INFO 6776 --- [main] trationDelegate$BeanPostProcessorChecker : Bean 'methodSecurityMetadataSource' of type [org.springframework.security.access.method.DelegatingMethodSecurityMetadataSource] is not eligible for getting processed by all BeanPostProcessors (for example: not eligible for auto-proxying)
2023-05-24 11:36:00.137  INFO 6776 --- [main] o.s.b.w.embedded.tomcat.TomcatWebServer  : Tomcat initialized with port(s): 8081 (http)
2023-05-24 11:36:00.148  INFO 6776 --- [main] o.apache.catalina.core.StandardService   : Starting service [Tomcat]
2023-05-24 11:36:00.148  INFO 6776 --- [main] org.apache.catalina.core.StandardEngine  : Starting Servlet engine: [Apache Tomcat/9.0.46]
2023-05-24 11:36:00.265  INFO 6776 --- [main] o.a.c.c.C.[Tomcat].[localhost].[/]       : Initializing Spring embedded WebApplicationContext
2023-05-24 11:36:00.266  INFO 6776 --- [main] w.s.c.ServletWebServerApplicationContext : Root WebApplicationContext: initialization completed in 2441 ms
2023-05-24 11:36:00.409  INFO 6776 --- [main] com.zaxxer.hikari.HikariDataSource       : HikariPool-1 - Starting...
2023-05-24 11:36:00.555  INFO 6776 --- [main] com.zaxxer.hikari.HikariDataSource       : HikariPool-1 - Start completed.
2023-05-24 11:36:00.654  INFO 6776 --- [main] o.hibernate.jpa.internal.util.LogHelper  : HHH000204: Processing PersistenceUnitInfo [name: default]
2023-05-24 11:36:00.722  INFO 6776 --- [main] org.hibernate.Version                    : HHH000412: Hibernate ORM core version 5.4.32.Final
2023-05-24 11:36:00.918  INFO 6776 --- [main] o.hibernate.annotations.common.Version   : HCANN000001: Hibernate Commons Annotations {5.1.2.Final}
2023-05-24 11:36:01.097  INFO 6776 --- [main] org.hibernate.dialect.Dialect            : HHH000400: Using dialect: org.hibernate.dialect.PostgreSQLDialect
2023-05-24 11:36:01.959  INFO 6776 --- [main] o.h.e.t.j.p.i.JtaPlatformInitiator       : HHH000490: Using JtaPlatform implementation: [org.hibernate.engine.transaction.jta.platform.internal.NoJtaPlatform]
2023-05-24 11:36:01.968  INFO 6776 --- [main] j.LocalContainerEntityManagerFactoryBean : Initialized JPA EntityManagerFactory for persistence unit 'default'
2023-05-24 11:36:02.550  WARN 6776 --- [main] JpaBaseConfiguration$JpaWebConfiguration : spring.jpa.open-in-view is enabled by default. Therefore, database queries may be performed during view rendering. Explicitly configure spring.jpa.open-in-view to disable this warning
2023-05-24 11:36:02.810  INFO 6776 --- [main] o.s.s.web.DefaultSecurityFilterChain     : Will secure any request with [org.springframework.security.web.context.request.async.WebAsyncManagerIntegrationFilter@b63365c, org.springframework.security.web.context.SecurityContextPersistenceFilter@488279d3, org.springframework.security.web.header.HeaderWriterFilter@70cac22a, org.springframework.security.web.authentication.logout.LogoutFilter@3ee68eb2, ru.danilov.raceapi.config.JWTFilter@1344f7fe, org.springframework.security.web.savedrequest.RequestCacheAwareFilter@21ed4a51, org.springframework.security.web.servletapi.SecurityContextHolderAwareRequestFilter@105fe81e, org.springframework.security.web.authentication.AnonymousAuthenticationFilter@6839d03b, org.springframework.security.web.session.SessionManagementFilter@10b2c1cf, org.springframework.security.web.access.ExceptionTranslationFilter@4edde05c, org.springframework.security.web.access.intercept.FilterSecurityInterceptor@42d7e8bc]
2023-05-24 11:36:03.497  INFO 6776 --- [main] o.s.b.w.embedded.tomcat.TomcatWebServer  : Tomcat started on port(s): 8081 (http) with context path ''
2023-05-24 11:36:03.512  INFO 6776 --- [main] ru.danilov.raceapi.RaceApiApplication    : Started RaceApiApplication in 6.796 seconds (JVM running for 8.181)
2023-05-24 11:36:26.590  INFO 6776 --- [http-nio-8081-exec-2] o.a.c.c.C.[Tomcat].[localhost].[/]       : Initializing Spring DispatcherServlet 'dispatcherServlet'
2023-05-24 11:36:26.590  INFO 6776 --- [http-nio-8081-exec-2] o.s.web.servlet.DispatcherServlet        : Initializing Servlet 'dispatcherServlet'
2023-05-24 11:36:26.591  INFO 6776 --- [http-nio-8081-exec-2] o.s.web.servlet.DispatcherServlet        : Completed initialization in 1 ms
2023-05-24 11:36:27.053 DEBUG 6776 --- [http-nio-8081-exec-2] org.hibernate.SQL                        : select person0_.id as id1_0_, person0_.jwt_token as jwt_toke2_0_, person0_.name as name3_0_, person0_.password as password4_0_, person0_.role as role5_0_ from person person0_ where person0_.name=?
2023-05-24 11:36:27.060 TRACE 6776 --- [http-nio-8081-exec-2] o.h.type.descriptor.sql.BasicBinder      : binding parameter [1] as [VARCHAR] - [user]
2023-05-24 11:36:27.102  INFO 6776 --- [http-nio-8081-exec-2] ru.danilov.raceapi.RaceApiApplication    : GET: /game/create
2023-05-24 11:37:10.418  INFO 6776 --- [SpringApplicationShutdownHook] j.LocalContainerEntityManagerFactoryBean : Closing JPA EntityManagerFactory for persistence unit 'default'
2023-05-24 11:37:10.420  INFO 6776 --- [SpringApplicationShutdownHook] com.zaxxer.hikari.HikariDataSource       : HikariPool-1 - Shutdown initiated...
2023-05-24 11:37:10.426  INFO 6776 --- [SpringApplicationShutdownHook] com.zaxxer.hikari.HikariDataSource       : HikariPool-1 - Shutdown completed.
2023-05-24 11:37:20.277  INFO 8380 --- [main] ru.danilov.raceapi.RaceApiApplication    : Starting RaceApiApplication using Java 17.0.5 on DANILOVNA with PID 8380 (D:\работа\projects\raceAPI\target\classes started by danilov-na in D:\работа\projects\raceAPI)
2023-05-24 11:37:20.281  INFO 8380 --- [main] ru.danilov.raceapi.RaceApiApplication    : No active profile set, falling back to default profiles: default
2023-05-24 11:37:21.685  INFO 8380 --- [main] .s.d.r.c.RepositoryConfigurationDelegate : Bootstrapping Spring Data JPA repositories in DEFAULT mode.
2023-05-24 11:37:21.779  INFO 8380 --- [main] .s.d.r.c.RepositoryConfigurationDelegate : Finished Spring Data repository scanning in 79 ms. Found 1 JPA repository interfaces.
2023-05-24 11:37:22.354  INFO 8380 --- [main] trationDelegate$BeanPostProcessorChecker : Bean 'org.springframework.security.access.expression.method.DefaultMethodSecurityExpressionHandler@68868328' of type [org.springframework.security.access.expression.method.DefaultMethodSecurityExpressionHandler] is not eligible for getting processed by all BeanPostProcessors (for example: not eligible for auto-proxying)
2023-05-24 11:37:22.362  INFO 8380 --- [main] trationDelegate$BeanPostProcessorChecker : Bean 'methodSecurityMetadataSource' of type [org.springframework.security.access.method.DelegatingMethodSecurityMetadataSource] is not eligible for getting processed by all BeanPostProcessors (for example: not eligible for auto-proxying)
2023-05-24 11:37:22.763  INFO 8380 --- [main] o.s.b.w.embedded.tomcat.TomcatWebServer  : Tomcat initialized with port(s): 8081 (http)
2023-05-24 11:37:22.774  INFO 8380 --- [main] o.apache.catalina.core.StandardService   : Starting service [Tomcat]
2023-05-24 11:37:22.775  INFO 8380 --- [main] org.apache.catalina.core.StandardEngine  : Starting Servlet engine: [Apache Tomcat/9.0.46]
2023-05-24 11:37:22.896  INFO 8380 --- [main] o.a.c.c.C.[Tomcat].[localhost].[/]       : Initializing Spring embedded WebApplicationContext
2023-05-24 11:37:22.897  INFO 8380 --- [main] w.s.c.ServletWebServerApplicationContext : Root WebApplicationContext: initialization completed in 2543 ms
2023-05-24 11:37:23.022  INFO 8380 --- [main] com.zaxxer.hikari.HikariDataSource       : HikariPool-1 - Starting...
2023-05-24 11:37:23.161  INFO 8380 --- [main] com.zaxxer.hikari.HikariDataSource       : HikariPool-1 - Start completed.
2023-05-24 11:37:23.249  INFO 8380 --- [main] o.hibernate.jpa.internal.util.LogHelper  : HHH000204: Processing PersistenceUnitInfo [name: default]
2023-05-24 11:37:23.319  INFO 8380 --- [main] org.hibernate.Version                    : HHH000412: Hibernate ORM core version 5.4.32.Final
2023-05-24 11:37:23.526  INFO 8380 --- [main] o.hibernate.annotations.common.Version   : HCANN000001: Hibernate Commons Annotations {5.1.2.Final}
2023-05-24 11:37:23.718  INFO 8380 --- [main] org.hibernate.dialect.Dialect            : HHH000400: Using dialect: org.hibernate.dialect.PostgreSQLDialect
2023-05-24 11:37:24.495  INFO 8380 --- [main] o.h.e.t.j.p.i.JtaPlatformInitiator       : HHH000490: Using JtaPlatform implementation: [org.hibernate.engine.transaction.jta.platform.internal.NoJtaPlatform]
2023-05-24 11:37:24.505  INFO 8380 --- [main] j.LocalContainerEntityManagerFactoryBean : Initialized JPA EntityManagerFactory for persistence unit 'default'
2023-05-24 11:37:25.202  WARN 8380 --- [main] JpaBaseConfiguration$JpaWebConfiguration : spring.jpa.open-in-view is enabled by default. Therefore, database queries may be performed during view rendering. Explicitly configure spring.jpa.open-in-view to disable this warning
2023-05-24 11:37:25.491  INFO 8380 --- [main] o.s.s.web.DefaultSecurityFilterChain     : Will secure any request with [org.springframework.security.web.context.request.async.WebAsyncManagerIntegrationFilter@6d41200c, org.springframework.security.web.context.SecurityContextPersistenceFilter@35c95869, org.springframework.security.web.header.HeaderWriterFilter@208185c0, org.springframework.security.web.authentication.logout.LogoutFilter@41d84abb, ru.danilov.raceapi.config.JWTFilter@7474196, org.springframework.security.web.savedrequest.RequestCacheAwareFilter@361d8567, org.springframework.security.web.servletapi.SecurityContextHolderAwareRequestFilter@7348e75e, org.springframework.security.web.authentication.AnonymousAuthenticationFilter@522fb69, org.springframework.security.web.session.SessionManagementFilter@7ee3a2ed, org.springframework.security.web.access.ExceptionTranslationFilter@105fe81e, org.springframework.security.web.access.intercept.FilterSecurityInterceptor@7320750c]
2023-05-24 11:37:26.119  INFO 8380 --- [main] o.s.b.w.embedded.tomcat.TomcatWebServer  : Tomcat started on port(s): 8081 (http) with context path ''
2023-05-24 11:37:26.139  INFO 8380 --- [main] ru.danilov.raceapi.RaceApiApplication    : Started RaceApiApplication in 6.553 seconds (JVM running for 9.398)
2023-05-24 11:37:32.237  INFO 8380 --- [http-nio-8081-exec-3] o.a.c.c.C.[Tomcat].[localhost].[/]       : Initializing Spring DispatcherServlet 'dispatcherServlet'
2023-05-24 11:37:32.237  INFO 8380 --- [http-nio-8081-exec-3] o.s.web.servlet.DispatcherServlet        : Initializing Servlet 'dispatcherServlet'
2023-05-24 11:37:32.239  INFO 8380 --- [http-nio-8081-exec-3] o.s.web.servlet.DispatcherServlet        : Completed initialization in 2 ms
2023-05-24 11:37:32.563 DEBUG 8380 --- [http-nio-8081-exec-3] org.hibernate.SQL                        : select person0_.id as id1_0_, person0_.jwt_token as jwt_toke2_0_, person0_.name as name3_0_, person0_.password as password4_0_, person0_.role as role5_0_ from person person0_ where person0_.name=?
2023-05-24 11:37:32.568 TRACE 8380 --- [http-nio-8081-exec-3] o.h.type.descriptor.sql.BasicBinder      : binding parameter [1] as [VARCHAR] - [user]
2023-05-24 11:37:32.611  INFO 8380 --- [http-nio-8081-exec-3] ru.danilov.raceapi.RaceApiApplication    : GET: /game/create
2023-05-24 11:37:38.933 DEBUG 8380 --- [http-nio-8081-exec-1] org.hibernate.SQL                        : select person0_.id as id1_0_, person0_.jwt_token as jwt_toke2_0_, person0_.name as name3_0_, person0_.password as password4_0_, person0_.role as role5_0_ from person person0_ where person0_.name=?
2023-05-24 11:37:38.934 TRACE 8380 --- [http-nio-8081-exec-1] o.h.type.descriptor.sql.BasicBinder      : binding parameter [1] as [VARCHAR] - [user]
2023-05-24 11:37:38.938  INFO 8380 --- [http-nio-8081-exec-1] ru.danilov.raceapi.RaceApiApplication    : GET: /game/list-ready
2023-05-24 11:39:32.111  INFO 8380 --- [SpringApplicationShutdownHook] j.LocalContainerEntityManagerFactoryBean : Closing JPA EntityManagerFactory for persistence unit 'default'
2023-05-24 11:39:32.115  INFO 8380 --- [SpringApplicationShutdownHook] com.zaxxer.hikari.HikariDataSource       : HikariPool-1 - Shutdown initiated...
2023-05-24 11:39:32.133  INFO 8380 --- [SpringApplicationShutdownHook] com.zaxxer.hikari.HikariDataSource       : HikariPool-1 - Shutdown completed.
2023-05-24 11:39:40.677  INFO 9004 --- [main] ru.danilov.raceapi.RaceApiApplication    : Starting RaceApiApplication using Java 17.0.5 on DANILOVNA with PID 9004 (D:\работа\projects\raceAPI\target\classes started by danilov-na in D:\работа\projects\raceAPI)
2023-05-24 11:39:40.681  INFO 9004 --- [main] ru.danilov.raceapi.RaceApiApplication    : No active profile set, falling back to default profiles: default
2023-05-24 11:39:42.021  INFO 9004 --- [main] .s.d.r.c.RepositoryConfigurationDelegate : Bootstrapping Spring Data JPA repositories in DEFAULT mode.
2023-05-24 11:39:42.127  INFO 9004 --- [main] .s.d.r.c.RepositoryConfigurationDelegate : Finished Spring Data repository scanning in 96 ms. Found 1 JPA repository interfaces.
2023-05-24 11:39:42.622  INFO 9004 --- [main] trationDelegate$BeanPostProcessorChecker : Bean 'org.springframework.security.access.expression.method.DefaultMethodSecurityExpressionHandler@72fd8a3c' of type [org.springframework.security.access.expression.method.DefaultMethodSecurityExpressionHandler] is not eligible for getting processed by all BeanPostProcessors (for example: not eligible for auto-proxying)
2023-05-24 11:39:42.628  INFO 9004 --- [main] trationDelegate$BeanPostProcessorChecker : Bean 'methodSecurityMetadataSource' of type [org.springframework.security.access.method.DelegatingMethodSecurityMetadataSource] is not eligible for getting processed by all BeanPostProcessors (for example: not eligible for auto-proxying)
2023-05-24 11:39:42.948  INFO 9004 --- [main] o.s.b.w.embedded.tomcat.TomcatWebServer  : Tomcat initialized with port(s): 8081 (http)
2023-05-24 11:39:42.958  INFO 9004 --- [main] o.apache.catalina.core.StandardService   : Starting service [Tomcat]
2023-05-24 11:39:42.959  INFO 9004 --- [main] org.apache.catalina.core.StandardEngine  : Starting Servlet engine: [Apache Tomcat/9.0.46]
2023-05-24 11:39:43.063  INFO 9004 --- [main] o.a.c.c.C.[Tomcat].[localhost].[/]       : Initializing Spring embedded WebApplicationContext
2023-05-24 11:39:43.063  INFO 9004 --- [main] w.s.c.ServletWebServerApplicationContext : Root WebApplicationContext: initialization completed in 2300 ms
2023-05-24 11:39:43.228  INFO 9004 --- [main] com.zaxxer.hikari.HikariDataSource       : HikariPool-1 - Starting...
2023-05-24 11:39:43.361  INFO 9004 --- [main] com.zaxxer.hikari.HikariDataSource       : HikariPool-1 - Start completed.
2023-05-24 11:39:43.446  INFO 9004 --- [main] o.hibernate.jpa.internal.util.LogHelper  : HHH000204: Processing PersistenceUnitInfo [name: default]
2023-05-24 11:39:43.532  INFO 9004 --- [main] org.hibernate.Version                    : HHH000412: Hibernate ORM core version 5.4.32.Final
2023-05-24 11:39:43.710  INFO 9004 --- [main] o.hibernate.annotations.common.Version   : HCANN000001: Hibernate Commons Annotations {5.1.2.Final}
2023-05-24 11:39:43.898  INFO 9004 --- [main] org.hibernate.dialect.Dialect            : HHH000400: Using dialect: org.hibernate.dialect.PostgreSQLDialect
2023-05-24 11:39:44.641  INFO 9004 --- [main] o.h.e.t.j.p.i.JtaPlatformInitiator       : HHH000490: Using JtaPlatform implementation: [org.hibernate.engine.transaction.jta.platform.internal.NoJtaPlatform]
2023-05-24 11:39:44.651  INFO 9004 --- [main] j.LocalContainerEntityManagerFactoryBean : Initialized JPA EntityManagerFactory for persistence unit 'default'
2023-05-24 11:39:45.256  WARN 9004 --- [main] JpaBaseConfiguration$JpaWebConfiguration : spring.jpa.open-in-view is enabled by default. Therefore, database queries may be performed during view rendering. Explicitly configure spring.jpa.open-in-view to disable this warning
2023-05-24 11:39:45.533  INFO 9004 --- [main] o.s.s.web.DefaultSecurityFilterChain     : Will secure any request with [org.springframework.security.web.context.request.async.WebAsyncManagerIntegrationFilter@67d8613, org.springframework.security.web.context.SecurityContextPersistenceFilter@41cf4272, org.springframework.security.web.header.HeaderWriterFilter@1e7113f8, org.springframework.security.web.authentication.logout.LogoutFilter@6f95654c, ru.danilov.raceapi.config.JWTFilter@744fb110, org.springframework.security.web.savedrequest.RequestCacheAwareFilter@4769537a, org.springframework.security.web.servletapi.SecurityContextHolderAwareRequestFilter@4023d23f, org.springframework.security.web.authentication.AnonymousAuthenticationFilter@5667dd90, org.springframework.security.web.session.SessionManagementFilter@749c0669, org.springframework.security.web.access.ExceptionTranslationFilter@4891d727, org.springframework.security.web.access.intercept.FilterSecurityInterceptor@9f52eb7]
2023-05-24 11:39:46.146  INFO 9004 --- [main] o.s.b.w.embedded.tomcat.TomcatWebServer  : Tomcat started on port(s): 8081 (http) with context path ''
2023-05-24 11:39:46.161  INFO 9004 --- [main] ru.danilov.raceapi.RaceApiApplication    : Started RaceApiApplication in 6.226 seconds (JVM running for 7.321)
2023-05-24 11:39:53.415  INFO 9004 --- [http-nio-8081-exec-1] o.a.c.c.C.[Tomcat].[localhost].[/]       : Initializing Spring DispatcherServlet 'dispatcherServlet'
2023-05-24 11:39:53.416  INFO 9004 --- [http-nio-8081-exec-1] o.s.web.servlet.DispatcherServlet        : Initializing Servlet 'dispatcherServlet'
2023-05-24 11:39:53.418  INFO 9004 --- [http-nio-8081-exec-1] o.s.web.servlet.DispatcherServlet        : Completed initialization in 2 ms
2023-05-24 11:39:53.777 DEBUG 9004 --- [http-nio-8081-exec-1] org.hibernate.SQL                        : select person0_.id as id1_0_, person0_.jwt_token as jwt_toke2_0_, person0_.name as name3_0_, person0_.password as password4_0_, person0_.role as role5_0_ from person person0_ where person0_.name=?
2023-05-24 11:39:53.785 TRACE 9004 --- [http-nio-8081-exec-1] o.h.type.descriptor.sql.BasicBinder      : binding parameter [1] as [VARCHAR] - [user]
2023-05-24 11:39:53.847  INFO 9004 --- [http-nio-8081-exec-1] ru.danilov.raceapi.RaceApiApplication    : GET: /game/create
2023-05-24 11:39:59.016 DEBUG 9004 --- [http-nio-8081-exec-3] org.hibernate.SQL                        : select person0_.id as id1_0_, person0_.jwt_token as jwt_toke2_0_, person0_.name as name3_0_, person0_.password as password4_0_, person0_.role as role5_0_ from person person0_ where person0_.name=?
2023-05-24 11:39:59.017 TRACE 9004 --- [http-nio-8081-exec-3] o.h.type.descriptor.sql.BasicBinder      : binding parameter [1] as [VARCHAR] - [user]
2023-05-24 11:39:59.023  INFO 9004 --- [http-nio-8081-exec-3] ru.danilov.raceapi.RaceApiApplication    : GET: /game/list-ready
2023-05-24 11:42:53.649 DEBUG 9004 --- [http-nio-8081-exec-6] org.hibernate.SQL                        : select person0_.id as id1_0_, person0_.jwt_token as jwt_toke2_0_, person0_.name as name3_0_, person0_.password as password4_0_, person0_.role as role5_0_ from person person0_ where person0_.name=?
2023-05-24 11:42:53.650 TRACE 9004 --- [http-nio-8081-exec-6] o.h.type.descriptor.sql.BasicBinder      : binding parameter [1] as [VARCHAR] - [user]
2023-05-24 11:42:53.653  INFO 9004 --- [http-nio-8081-exec-6] ru.danilov.raceapi.RaceApiApplication    : GET: /game/list-ready
2023-05-24 11:44:53.220 DEBUG 9004 --- [http-nio-8081-exec-8] org.hibernate.SQL                        : select person0_.id as id1_0_, person0_.jwt_token as jwt_toke2_0_, person0_.name as name3_0_, person0_.password as password4_0_, person0_.role as role5_0_ from person person0_ where person0_.name=?
2023-05-24 11:44:53.221 TRACE 9004 --- [http-nio-8081-exec-8] o.h.type.descriptor.sql.BasicBinder      : binding parameter [1] as [VARCHAR] - [user]
2023-05-24 11:44:53.224  INFO 9004 --- [http-nio-8081-exec-8] ru.danilov.raceapi.RaceApiApplication    : GET: /game/list-ready
2023-05-24 11:45:05.968 DEBUG 9004 --- [http-nio-8081-exec-10] org.hibernate.SQL                        : select person0_.id as id1_0_, person0_.jwt_token as jwt_toke2_0_, person0_.name as name3_0_, person0_.password as password4_0_, person0_.role as role5_0_ from person person0_ where person0_.name=?
2023-05-24 11:45:05.969 TRACE 9004 --- [http-nio-8081-exec-10] o.h.type.descriptor.sql.BasicBinder      : binding parameter [1] as [VARCHAR] - [user]
2023-05-24 11:45:05.972  INFO 9004 --- [http-nio-8081-exec-10] ru.danilov.raceapi.RaceApiApplication    : GET: /game/create
2023-05-24 11:45:14.152 DEBUG 9004 --- [http-nio-8081-exec-2] org.hibernate.SQL                        : select person0_.id as id1_0_, person0_.jwt_token as jwt_toke2_0_, person0_.name as name3_0_, person0_.password as password4_0_, person0_.role as role5_0_ from person person0_ where person0_.name=?
2023-05-24 11:45:14.154 TRACE 9004 --- [http-nio-8081-exec-2] o.h.type.descriptor.sql.BasicBinder      : binding parameter [1] as [VARCHAR] - [user]
2023-05-24 11:45:14.239  INFO 9004 --- [http-nio-8081-exec-2] ru.danilov.raceapi.RaceApiApplication    : GET: /game/list-ready
2023-05-24 11:49:13.300 DEBUG 9004 --- [http-nio-8081-exec-5] org.hibernate.SQL                        : select person0_.id as id1_0_, person0_.jwt_token as jwt_toke2_0_, person0_.name as name3_0_, person0_.password as password4_0_, person0_.role as role5_0_ from person person0_ where person0_.name=?
2023-05-24 11:49:13.301 TRACE 9004 --- [http-nio-8081-exec-5] o.h.type.descriptor.sql.BasicBinder      : binding parameter [1] as [VARCHAR] - [user]
2023-05-24 11:49:13.305  INFO 9004 --- [http-nio-8081-exec-5] ru.danilov.raceapi.RaceApiApplication    : GET: /game/list-ready
2023-05-24 11:50:24.359 DEBUG 9004 --- [http-nio-8081-exec-7] org.hibernate.SQL                        : select person0_.id as id1_0_, person0_.jwt_token as jwt_toke2_0_, person0_.name as name3_0_, person0_.password as password4_0_, person0_.role as role5_0_ from person person0_ where person0_.name=?
2023-05-24 11:50:24.360 TRACE 9004 --- [http-nio-8081-exec-7] o.h.type.descriptor.sql.BasicBinder      : binding parameter [1] as [VARCHAR] - [user]
2023-05-24 11:50:24.362  INFO 9004 --- [http-nio-8081-exec-7] ru.danilov.raceapi.RaceApiApplication    : GET: /game/list-ready
2023-05-24 11:52:52.882 DEBUG 9004 --- [http-nio-8081-exec-9] org.hibernate.SQL                        : select person0_.id as id1_0_, person0_.jwt_token as jwt_toke2_0_, person0_.name as name3_0_, person0_.password as password4_0_, person0_.role as role5_0_ from person person0_ where person0_.name=?
2023-05-24 11:52:52.883 TRACE 9004 --- [http-nio-8081-exec-9] o.h.type.descriptor.sql.BasicBinder      : binding parameter [1] as [VARCHAR] - [user]
2023-05-24 11:52:52.885  INFO 9004 --- [http-nio-8081-exec-9] ru.danilov.raceapi.RaceApiApplication    : GET: /game/list-ready
2023-05-24 11:53:25.380 DEBUG 9004 --- [http-nio-8081-exec-10] org.hibernate.SQL                        : select person0_.id as id1_0_, person0_.jwt_token as jwt_toke2_0_, person0_.name as name3_0_, person0_.password as password4_0_, person0_.role as role5_0_ from person person0_ where person0_.name=?
2023-05-24 11:53:25.381 TRACE 9004 --- [http-nio-8081-exec-10] o.h.type.descriptor.sql.BasicBinder      : binding parameter [1] as [VARCHAR] - [user]
2023-05-24 11:53:25.388  WARN 9004 --- [http-nio-8081-exec-10] .w.s.m.s.DefaultHandlerExceptionResolver : Resolved [org.springframework.web.HttpRequestMethodNotSupportedException: Request method 'POST' not supported]
2023-05-24 11:53:30.885 DEBUG 9004 --- [http-nio-8081-exec-1] org.hibernate.SQL                        : select person0_.id as id1_0_, person0_.jwt_token as jwt_toke2_0_, person0_.name as name3_0_, person0_.password as password4_0_, person0_.role as role5_0_ from person person0_ where person0_.name=?
2023-05-24 11:53:30.885 TRACE 9004 --- [http-nio-8081-exec-1] o.h.type.descriptor.sql.BasicBinder      : binding parameter [1] as [VARCHAR] - [user]
2023-05-24 11:53:30.888  INFO 9004 --- [http-nio-8081-exec-1] ru.danilov.raceapi.RaceApiApplication    : GET: /game/list-ready
2023-05-24 12:06:08.838 DEBUG 9004 --- [http-nio-8081-exec-5] org.hibernate.SQL                        : select person0_.id as id1_0_, person0_.jwt_token as jwt_toke2_0_, person0_.name as name3_0_, person0_.password as password4_0_, person0_.role as role5_0_ from person person0_ where person0_.name=?
2023-05-24 12:06:08.839 TRACE 9004 --- [http-nio-8081-exec-5] o.h.type.descriptor.sql.BasicBinder      : binding parameter [1] as [VARCHAR] - [user]
2023-05-24 12:06:08.841  INFO 9004 --- [http-nio-8081-exec-5] ru.danilov.raceapi.RaceApiApplication    : GET: /game/list-ready
2023-05-24 12:08:21.259 DEBUG 9004 --- [http-nio-8081-exec-7] org.hibernate.SQL                        : select person0_.id as id1_0_, person0_.jwt_token as jwt_toke2_0_, person0_.name as name3_0_, person0_.password as password4_0_, person0_.role as role5_0_ from person person0_ where person0_.name=?
2023-05-24 12:08:21.260 TRACE 9004 --- [http-nio-8081-exec-7] o.h.type.descriptor.sql.BasicBinder      : binding parameter [1] as [VARCHAR] - [user]
2023-05-24 12:08:21.262  INFO 9004 --- [http-nio-8081-exec-7] ru.danilov.raceapi.RaceApiApplication    : GET: /game/list-ready
2023-05-24 12:11:04.695 DEBUG 9004 --- [http-nio-8081-exec-9] org.hibernate.SQL                        : select person0_.id as id1_0_, person0_.jwt_token as jwt_toke2_0_, person0_.name as name3_0_, person0_.password as password4_0_, person0_.role as role5_0_ from person person0_ where person0_.name=?
2023-05-24 12:11:04.697 TRACE 9004 --- [http-nio-8081-exec-9] o.h.type.descriptor.sql.BasicBinder      : binding parameter [1] as [VARCHAR] - [user]
2023-05-24 12:11:04.702  INFO 9004 --- [http-nio-8081-exec-9] ru.danilov.raceapi.RaceApiApplication    : GET: /game/list-ready
2023-05-24 12:19:34.926  INFO 9004 --- [SpringApplicationShutdownHook] j.LocalContainerEntityManagerFactoryBean : Closing JPA EntityManagerFactory for persistence unit 'default'
2023-05-24 12:19:34.955  INFO 9004 --- [SpringApplicationShutdownHook] com.zaxxer.hikari.HikariDataSource       : HikariPool-1 - Shutdown initiated...
2023-05-24 12:19:34.977  INFO 9004 --- [SpringApplicationShutdownHook] com.zaxxer.hikari.HikariDataSource       : HikariPool-1 - Shutdown completed.
2023-05-24 13:03:29.343  INFO 5920 --- [main] ru.danilov.raceapi.RaceApiApplication    : Starting RaceApiApplication using Java 17.0.5 on DANILOVNA with PID 5920 (D:\работа\projects\raceAPI\target\classes started by danilov-na in D:\работа\projects\raceAPI)
2023-05-24 13:03:29.360  INFO 5920 --- [main] ru.danilov.raceapi.RaceApiApplication    : No active profile set, falling back to default profiles: default
2023-05-24 13:03:31.243  INFO 5920 --- [main] .s.d.r.c.RepositoryConfigurationDelegate : Bootstrapping Spring Data JPA repositories in DEFAULT mode.
2023-05-24 13:03:31.350  INFO 5920 --- [main] .s.d.r.c.RepositoryConfigurationDelegate : Finished Spring Data repository scanning in 98 ms. Found 1 JPA repository interfaces.
2023-05-24 13:03:31.792  INFO 5920 --- [main] trationDelegate$BeanPostProcessorChecker : Bean 'org.springframework.security.access.expression.method.DefaultMethodSecurityExpressionHandler@68868328' of type [org.springframework.security.access.expression.method.DefaultMethodSecurityExpressionHandler] is not eligible for getting processed by all BeanPostProcessors (for example: not eligible for auto-proxying)
2023-05-24 13:03:31.796  INFO 5920 --- [main] trationDelegate$BeanPostProcessorChecker : Bean 'methodSecurityMetadataSource' of type [org.springframework.security.access.method.DelegatingMethodSecurityMetadataSource] is not eligible for getting processed by all BeanPostProcessors (for example: not eligible for auto-proxying)
2023-05-24 13:03:32.185  INFO 5920 --- [main] o.s.b.w.embedded.tomcat.TomcatWebServer  : Tomcat initialized with port(s): 8081 (http)
2023-05-24 13:03:32.197  INFO 5920 --- [main] o.apache.catalina.core.StandardService   : Starting service [Tomcat]
2023-05-24 13:03:32.198  INFO 5920 --- [main] org.apache.catalina.core.StandardEngine  : Starting Servlet engine: [Apache Tomcat/9.0.46]
2023-05-24 13:03:32.335  INFO 5920 --- [main] o.a.c.c.C.[Tomcat].[localhost].[/]       : Initializing Spring embedded WebApplicationContext
2023-05-24 13:03:32.335  INFO 5920 --- [main] w.s.c.ServletWebServerApplicationContext : Root WebApplicationContext: initialization completed in 2891 ms
2023-05-24 13:03:32.527  INFO 5920 --- [main] com.zaxxer.hikari.HikariDataSource       : HikariPool-1 - Starting...
2023-05-24 13:03:32.797  INFO 5920 --- [main] com.zaxxer.hikari.HikariDataSource       : HikariPool-1 - Start completed.
2023-05-24 13:03:32.919  INFO 5920 --- [main] o.hibernate.jpa.internal.util.LogHelper  : HHH000204: Processing PersistenceUnitInfo [name: default]
2023-05-24 13:03:33.107  INFO 5920 --- [main] org.hibernate.Version                    : HHH000412: Hibernate ORM core version 5.4.32.Final
2023-05-24 13:03:33.423  INFO 5920 --- [main] o.hibernate.annotations.common.Version   : HCANN000001: Hibernate Commons Annotations {5.1.2.Final}
2023-05-24 13:03:33.654  INFO 5920 --- [main] org.hibernate.dialect.Dialect            : HHH000400: Using dialect: org.hibernate.dialect.PostgreSQLDialect
2023-05-24 13:03:34.929  INFO 5920 --- [main] o.h.e.t.j.p.i.JtaPlatformInitiator       : HHH000490: Using JtaPlatform implementation: [org.hibernate.engine.transaction.jta.platform.internal.NoJtaPlatform]
2023-05-24 13:03:34.939  INFO 5920 --- [main] j.LocalContainerEntityManagerFactoryBean : Initialized JPA EntityManagerFactory for persistence unit 'default'
2023-05-24 13:03:35.838  WARN 5920 --- [main] JpaBaseConfiguration$JpaWebConfiguration : spring.jpa.open-in-view is enabled by default. Therefore, database queries may be performed during view rendering. Explicitly configure spring.jpa.open-in-view to disable this warning
2023-05-24 13:03:36.216  INFO 5920 --- [main] o.s.s.web.DefaultSecurityFilterChain     : Will secure any request with [org.springframework.security.web.context.request.async.WebAsyncManagerIntegrationFilter@6ed7c178, org.springframework.security.web.context.SecurityContextPersistenceFilter@1fa29b9e, org.springframework.security.web.header.HeaderWriterFilter@176054b7, org.springframework.security.web.authentication.logout.LogoutFilter@53da2aec, ru.danilov.raceapi.config.JWTFilter@c29b0dc, org.springframework.security.web.savedrequest.RequestCacheAwareFilter@2f29e630, org.springframework.security.web.servletapi.SecurityContextHolderAwareRequestFilter@62159fd, org.springframework.security.web.authentication.AnonymousAuthenticationFilter@1c382179, org.springframework.security.web.session.SessionManagementFilter@4fe9a396, org.springframework.security.web.access.ExceptionTranslationFilter@271a140c, org.springframework.security.web.access.intercept.FilterSecurityInterceptor@3b780b5c]
2023-05-24 13:03:36.881  INFO 5920 --- [main] o.s.b.w.embedded.tomcat.TomcatWebServer  : Tomcat started on port(s): 8081 (http) with context path ''
2023-05-24 13:03:36.903  INFO 5920 --- [main] ru.danilov.raceapi.RaceApiApplication    : Started RaceApiApplication in 8.105 seconds (JVM running for 10.72)
2023-05-24 13:04:02.589  INFO 5920 --- [http-nio-8081-exec-1] o.a.c.c.C.[Tomcat].[localhost].[/]       : Initializing Spring DispatcherServlet 'dispatcherServlet'
2023-05-24 13:04:02.589  INFO 5920 --- [http-nio-8081-exec-1] o.s.web.servlet.DispatcherServlet        : Initializing Servlet 'dispatcherServlet'
2023-05-24 13:04:02.591  INFO 5920 --- [http-nio-8081-exec-1] o.s.web.servlet.DispatcherServlet        : Completed initialization in 2 ms
2023-05-24 13:04:03.147 DEBUG 5920 --- [http-nio-8081-exec-1] org.hibernate.SQL                        : select person0_.id as id1_0_, person0_.jwt_token as jwt_toke2_0_, person0_.name as name3_0_, person0_.password as password4_0_, person0_.role as role5_0_ from person person0_ where person0_.name=?
2023-05-24 13:04:03.156 TRACE 5920 --- [http-nio-8081-exec-1] o.h.type.descriptor.sql.BasicBinder      : binding parameter [1] as [VARCHAR] - [user]
2023-05-24 13:04:03.236  INFO 5920 --- [http-nio-8081-exec-1] ru.danilov.raceapi.RaceApiApplication    : GET: /game/list-ready
2023-05-24 14:01:46.603  INFO 5920 --- [SpringApplicationShutdownHook] j.LocalContainerEntityManagerFactoryBean : Closing JPA EntityManagerFactory for persistence unit 'default'
2023-05-24 14:01:46.939  INFO 5920 --- [SpringApplicationShutdownHook] com.zaxxer.hikari.HikariDataSource       : HikariPool-1 - Shutdown initiated...
2023-05-24 14:01:47.035  INFO 5920 --- [SpringApplicationShutdownHook] com.zaxxer.hikari.HikariDataSource       : HikariPool-1 - Shutdown completed.
2023-05-24 14:29:15.323  INFO 10340 --- [main] ru.danilov.raceapi.RaceApiApplication    : Starting RaceApiApplication using Java 17.0.5 on DANILOVNA with PID 10340 (D:\работа\projects\raceAPI\target\classes started by danilov-na in D:\работа\projects\raceAPI)
2023-05-24 14:29:15.335  INFO 10340 --- [main] ru.danilov.raceapi.RaceApiApplication    : No active profile set, falling back to default profiles: default
2023-05-24 14:29:18.496  INFO 10340 --- [main] .s.d.r.c.RepositoryConfigurationDelegate : Bootstrapping Spring Data JPA repositories in DEFAULT mode.
2023-05-24 14:29:18.774  INFO 10340 --- [main] .s.d.r.c.RepositoryConfigurationDelegate : Finished Spring Data repository scanning in 262 ms. Found 1 JPA repository interfaces.
2023-05-24 14:29:20.277  INFO 10340 --- [main] trationDelegate$BeanPostProcessorChecker : Bean 'org.springframework.security.access.expression.method.DefaultMethodSecurityExpressionHandler@3d0035d2' of type [org.springframework.security.access.expression.method.DefaultMethodSecurityExpressionHandler] is not eligible for getting processed by all BeanPostProcessors (for example: not eligible for auto-proxying)
2023-05-24 14:29:20.286  INFO 10340 --- [main] trationDelegate$BeanPostProcessorChecker : Bean 'methodSecurityMetadataSource' of type [org.springframework.security.access.method.DelegatingMethodSecurityMetadataSource] is not eligible for getting processed by all BeanPostProcessors (for example: not eligible for auto-proxying)
2023-05-24 14:29:20.926  INFO 10340 --- [main] o.s.b.w.embedded.tomcat.TomcatWebServer  : Tomcat initialized with port(s): 8081 (http)
2023-05-24 14:29:20.941  INFO 10340 --- [main] o.apache.catalina.core.StandardService   : Starting service [Tomcat]
2023-05-24 14:29:20.941  INFO 10340 --- [main] org.apache.catalina.core.StandardEngine  : Starting Servlet engine: [Apache Tomcat/9.0.46]
2023-05-24 14:29:21.284  INFO 10340 --- [main] o.a.c.c.C.[Tomcat].[localhost].[/]       : Initializing Spring embedded WebApplicationContext
2023-05-24 14:29:21.285  INFO 10340 --- [main] w.s.c.ServletWebServerApplicationContext : Root WebApplicationContext: initialization completed in 5833 ms
2023-05-24 14:29:21.492  INFO 10340 --- [main] com.zaxxer.hikari.HikariDataSource       : HikariPool-1 - Starting...
2023-05-24 14:29:21.800  INFO 10340 --- [main] com.zaxxer.hikari.HikariDataSource       : HikariPool-1 - Start completed.
2023-05-24 14:29:21.941  INFO 10340 --- [main] o.hibernate.jpa.internal.util.LogHelper  : HHH000204: Processing PersistenceUnitInfo [name: default]
2023-05-24 14:29:22.125  INFO 10340 --- [main] org.hibernate.Version                    : HHH000412: Hibernate ORM core version 5.4.32.Final
2023-05-24 14:29:22.492  INFO 10340 --- [main] o.hibernate.annotations.common.Version   : HCANN000001: Hibernate Commons Annotations {5.1.2.Final}
2023-05-24 14:29:22.889  INFO 10340 --- [main] org.hibernate.dialect.Dialect            : HHH000400: Using dialect: org.hibernate.dialect.PostgreSQLDialect
2023-05-24 14:29:25.773  INFO 10340 --- [main] o.h.e.t.j.p.i.JtaPlatformInitiator       : HHH000490: Using JtaPlatform implementation: [org.hibernate.engine.transaction.jta.platform.internal.NoJtaPlatform]
2023-05-24 14:29:25.789  INFO 10340 --- [main] j.LocalContainerEntityManagerFactoryBean : Initialized JPA EntityManagerFactory for persistence unit 'default'
2023-05-24 14:29:28.352  WARN 10340 --- [main] JpaBaseConfiguration$JpaWebConfiguration : spring.jpa.open-in-view is enabled by default. Therefore, database queries may be performed during view rendering. Explicitly configure spring.jpa.open-in-view to disable this warning
2023-05-24 14:29:28.866  INFO 10340 --- [main] o.s.s.web.DefaultSecurityFilterChain     : Will secure any request with [org.springframework.security.web.context.request.async.WebAsyncManagerIntegrationFilter@42d7e8bc, org.springframework.security.web.context.SecurityContextPersistenceFilter@5c1687d1, org.springframework.security.web.header.HeaderWriterFilter@5b71af0d, org.springframework.security.web.authentication.logout.LogoutFilter@3fd6dfbc, ru.danilov.raceapi.config.JWTFilter@64d53f0d, org.springframework.security.web.savedrequest.RequestCacheAwareFilter@19de32cb, org.springframework.security.web.servletapi.SecurityContextHolderAwareRequestFilter@4891d727, org.springframework.security.web.authentication.AnonymousAuthenticationFilter@7b6854b5, org.springframework.security.web.session.SessionManagementFilter@104392ba, org.springframework.security.web.access.ExceptionTranslationFilter@52c27d53, org.springframework.security.web.access.intercept.FilterSecurityInterceptor@4f5c757c]
2023-05-24 14:29:29.930  INFO 10340 --- [main] o.s.b.w.embedded.tomcat.TomcatWebServer  : Tomcat started on port(s): 8081 (http) with context path ''
2023-05-24 14:29:29.964  INFO 10340 --- [main] ru.danilov.raceapi.RaceApiApplication    : Started RaceApiApplication in 15.823 seconds (JVM running for 17.554)
2023-05-24 14:34:35.997  INFO 10340 --- [http-nio-8081-exec-1] o.a.c.c.C.[Tomcat].[localhost].[/]       : Initializing Spring DispatcherServlet 'dispatcherServlet'
2023-05-24 14:34:35.997  INFO 10340 --- [http-nio-8081-exec-1] o.s.web.servlet.DispatcherServlet        : Initializing Servlet 'dispatcherServlet'
2023-05-24 14:34:35.999  INFO 10340 --- [http-nio-8081-exec-1] o.s.web.servlet.DispatcherServlet        : Completed initialization in 1 ms
2023-05-24 14:55:41.748  INFO 10340 --- [SpringApplicationShutdownHook] j.LocalContainerEntityManagerFactoryBean : Closing JPA EntityManagerFactory for persistence unit 'default'
2023-05-24 14:55:41.776  INFO 10340 --- [SpringApplicationShutdownHook] com.zaxxer.hikari.HikariDataSource       : HikariPool-1 - Shutdown initiated...
2023-05-24 14:55:41.827  INFO 10340 --- [SpringApplicationShutdownHook] com.zaxxer.hikari.HikariDataSource       : HikariPool-1 - Shutdown completed.
2023-05-24 14:55:53.094  INFO 5136 --- [main] ru.danilov.raceapi.RaceApiApplication    : Starting RaceApiApplication using Java 17.0.5 on DANILOVNA with PID 5136 (D:\работа\projects\raceAPI\target\classes started by danilov-na in D:\работа\projects\raceAPI)
2023-05-24 14:55:53.099  INFO 5136 --- [main] ru.danilov.raceapi.RaceApiApplication    : No active profile set, falling back to default profiles: default
2023-05-24 14:55:54.912  INFO 5136 --- [main] .s.d.r.c.RepositoryConfigurationDelegate : Bootstrapping Spring Data JPA repositories in DEFAULT mode.
2023-05-24 14:55:55.041  INFO 5136 --- [main] .s.d.r.c.RepositoryConfigurationDelegate : Finished Spring Data repository scanning in 118 ms. Found 1 JPA repository interfaces.
2023-05-24 14:55:55.423  INFO 5136 --- [main] trationDelegate$BeanPostProcessorChecker : Bean 'org.springframework.security.access.expression.method.DefaultMethodSecurityExpressionHandler@3b920bdc' of type [org.springframework.security.access.expression.method.DefaultMethodSecurityExpressionHandler] is not eligible for getting processed by all BeanPostProcessors (for example: not eligible for auto-proxying)
2023-05-24 14:55:55.427  INFO 5136 --- [main] trationDelegate$BeanPostProcessorChecker : Bean 'methodSecurityMetadataSource' of type [org.springframework.security.access.method.DelegatingMethodSecurityMetadataSource] is not eligible for getting processed by all BeanPostProcessors (for example: not eligible for auto-proxying)
2023-05-24 14:55:55.772  INFO 5136 --- [main] o.s.b.w.embedded.tomcat.TomcatWebServer  : Tomcat initialized with port(s): 8081 (http)
2023-05-24 14:55:55.783  INFO 5136 --- [main] o.apache.catalina.core.StandardService   : Starting service [Tomcat]
2023-05-24 14:55:55.783  INFO 5136 --- [main] org.apache.catalina.core.StandardEngine  : Starting Servlet engine: [Apache Tomcat/9.0.46]
2023-05-24 14:55:55.923  INFO 5136 --- [main] o.a.c.c.C.[Tomcat].[localhost].[/]       : Initializing Spring embedded WebApplicationContext
2023-05-24 14:55:55.923  INFO 5136 --- [main] w.s.c.ServletWebServerApplicationContext : Root WebApplicationContext: initialization completed in 2627 ms
2023-05-24 14:55:56.080  INFO 5136 --- [main] com.zaxxer.hikari.HikariDataSource       : HikariPool-1 - Starting...
2023-05-24 14:55:56.243  INFO 5136 --- [main] com.zaxxer.hikari.HikariDataSource       : HikariPool-1 - Start completed.
2023-05-24 14:55:56.379  INFO 5136 --- [main] o.hibernate.jpa.internal.util.LogHelper  : HHH000204: Processing PersistenceUnitInfo [name: default]
2023-05-24 14:55:56.478  INFO 5136 --- [main] org.hibernate.Version                    : HHH000412: Hibernate ORM core version 5.4.32.Final
2023-05-24 14:55:56.878  INFO 5136 --- [main] o.hibernate.annotations.common.Version   : HCANN000001: Hibernate Commons Annotations {5.1.2.Final}
2023-05-24 14:55:57.100  INFO 5136 --- [main] org.hibernate.dialect.Dialect            : HHH000400: Using dialect: org.hibernate.dialect.PostgreSQLDialect
2023-05-24 14:55:57.873  INFO 5136 --- [main] o.h.e.t.j.p.i.JtaPlatformInitiator       : HHH000490: Using JtaPlatform implementation: [org.hibernate.engine.transaction.jta.platform.internal.NoJtaPlatform]
2023-05-24 14:55:57.883  INFO 5136 --- [main] j.LocalContainerEntityManagerFactoryBean : Initialized JPA EntityManagerFactory for persistence unit 'default'
2023-05-24 14:55:58.407  WARN 5136 --- [main] JpaBaseConfiguration$JpaWebConfiguration : spring.jpa.open-in-view is enabled by default. Therefore, database queries may be performed during view rendering. Explicitly configure spring.jpa.open-in-view to disable this warning
2023-05-24 14:55:58.674  INFO 5136 --- [main] o.s.s.web.DefaultSecurityFilterChain     : Will secure any request with [org.springframework.security.web.context.request.async.WebAsyncManagerIntegrationFilter@3ac326c0, org.springframework.security.web.context.SecurityContextPersistenceFilter@af94b0b, org.springframework.security.web.header.HeaderWriterFilter@7872e91f, org.springframework.security.web.authentication.logout.LogoutFilter@13e0f380, ru.danilov.raceapi.config.JWTFilter@43719e98, org.springframework.security.web.savedrequest.RequestCacheAwareFilter@1831447c, org.springframework.security.web.servletapi.SecurityContextHolderAwareRequestFilter@53d2b827, org.springframework.security.web.authentication.AnonymousAuthenticationFilter@5e5d40ec, org.springframework.security.web.session.SessionManagementFilter@627d5f1, org.springframework.security.web.access.ExceptionTranslationFilter@1504b493, org.springframework.security.web.access.intercept.FilterSecurityInterceptor@703e5614]
2023-05-24 14:55:59.287  INFO 5136 --- [main] o.s.b.w.embedded.tomcat.TomcatWebServer  : Tomcat started on port(s): 8081 (http) with context path ''
2023-05-24 14:55:59.316  INFO 5136 --- [main] ru.danilov.raceapi.RaceApiApplication    : Started RaceApiApplication in 6.987 seconds (JVM running for 8.098)
2023-05-24 14:56:38.921  INFO 5136 --- [http-nio-8081-exec-1] o.a.c.c.C.[Tomcat].[localhost].[/]       : Initializing Spring DispatcherServlet 'dispatcherServlet'
2023-05-24 14:56:38.922  INFO 5136 --- [http-nio-8081-exec-1] o.s.web.servlet.DispatcherServlet        : Initializing Servlet 'dispatcherServlet'
2023-05-24 14:56:38.923  INFO 5136 --- [http-nio-8081-exec-1] o.s.web.servlet.DispatcherServlet        : Completed initialization in 1 ms
2023-05-24 15:09:42.198 DEBUG 5136 --- [http-nio-8081-exec-9] org.hibernate.SQL                        : select person0_.id as id1_0_, person0_.jwt_token as jwt_toke2_0_, person0_.name as name3_0_, person0_.password as password4_0_, person0_.role as role5_0_ from person person0_ where person0_.name=?
2023-05-24 15:09:42.204 TRACE 5136 --- [http-nio-8081-exec-9] o.h.type.descriptor.sql.BasicBinder      : binding parameter [1] as [VARCHAR] - [user]
2023-05-24 15:09:42.251  INFO 5136 --- [http-nio-8081-exec-9] ru.danilov.raceapi.RaceApiApplication    : GET: /game/list-ready
2023-05-24 15:25:21.857 DEBUG 5136 --- [http-nio-8081-exec-2] org.hibernate.SQL                        : select person0_.id as id1_0_, person0_.jwt_token as jwt_toke2_0_, person0_.name as name3_0_, person0_.password as password4_0_, person0_.role as role5_0_ from person person0_ where person0_.name=?
2023-05-24 15:25:21.859 TRACE 5136 --- [http-nio-8081-exec-2] o.h.type.descriptor.sql.BasicBinder      : binding parameter [1] as [VARCHAR] - [user]
2023-05-24 15:25:21.862  INFO 5136 --- [http-nio-8081-exec-2] ru.danilov.raceapi.RaceApiApplication    : GET: /game/list-ready
2023-05-24 15:30:31.312  INFO 5136 --- [SpringApplicationShutdownHook] j.LocalContainerEntityManagerFactoryBean : Closing JPA EntityManagerFactory for persistence unit 'default'
2023-05-24 15:30:31.329  INFO 5136 --- [SpringApplicationShutdownHook] com.zaxxer.hikari.HikariDataSource       : HikariPool-1 - Shutdown initiated...
2023-05-24 15:30:31.353  INFO 5136 --- [SpringApplicationShutdownHook] com.zaxxer.hikari.HikariDataSource       : HikariPool-1 - Shutdown completed.
2023-05-24 15:30:49.021  INFO 6880 --- [main] ru.danilov.raceapi.RaceApiApplication    : Starting RaceApiApplication using Java 17.0.5 on DANILOVNA with PID 6880 (D:\работа\projects\raceAPI\target\classes started by danilov-na in D:\работа\projects\raceAPI)
2023-05-24 15:30:49.026  INFO 6880 --- [main] ru.danilov.raceapi.RaceApiApplication    : No active profile set, falling back to default profiles: default
2023-05-24 15:30:51.293  INFO 6880 --- [main] .s.d.r.c.RepositoryConfigurationDelegate : Bootstrapping Spring Data JPA repositories in DEFAULT mode.
2023-05-24 15:30:51.427  INFO 6880 --- [main] .s.d.r.c.RepositoryConfigurationDelegate : Finished Spring Data repository scanning in 121 ms. Found 1 JPA repository interfaces.
2023-05-24 15:30:52.007  INFO 6880 --- [main] trationDelegate$BeanPostProcessorChecker : Bean 'org.springframework.security.access.expression.method.DefaultMethodSecurityExpressionHandler@7c8c70d6' of type [org.springframework.security.access.expression.method.DefaultMethodSecurityExpressionHandler] is not eligible for getting processed by all BeanPostProcessors (for example: not eligible for auto-proxying)
2023-05-24 15:30:52.015  INFO 6880 --- [main] trationDelegate$BeanPostProcessorChecker : Bean 'methodSecurityMetadataSource' of type [org.springframework.security.access.method.DelegatingMethodSecurityMetadataSource] is not eligible for getting processed by all BeanPostProcessors (for example: not eligible for auto-proxying)
2023-05-24 15:30:52.575  INFO 6880 --- [main] o.s.b.w.embedded.tomcat.TomcatWebServer  : Tomcat initialized with port(s): 8081 (http)
2023-05-24 15:30:52.594  INFO 6880 --- [main] o.apache.catalina.core.StandardService   : Starting service [Tomcat]
2023-05-24 15:30:52.594  INFO 6880 --- [main] org.apache.catalina.core.StandardEngine  : Starting Servlet engine: [Apache Tomcat/9.0.46]
2023-05-24 15:30:52.805  INFO 6880 --- [main] o.a.c.c.C.[Tomcat].[localhost].[/]       : Initializing Spring embedded WebApplicationContext
2023-05-24 15:30:52.806  INFO 6880 --- [main] w.s.c.ServletWebServerApplicationContext : Root WebApplicationContext: initialization completed in 3502 ms
2023-05-24 15:30:53.042  INFO 6880 --- [main] com.zaxxer.hikari.HikariDataSource       : HikariPool-1 - Starting...
2023-05-24 15:30:53.254  INFO 6880 --- [main] com.zaxxer.hikari.HikariDataSource       : HikariPool-1 - Start completed.
2023-05-24 15:30:53.412  INFO 6880 --- [main] o.hibernate.jpa.internal.util.LogHelper  : HHH000204: Processing PersistenceUnitInfo [name: default]
2023-05-24 15:30:53.622  INFO 6880 --- [main] org.hibernate.Version                    : HHH000412: Hibernate ORM core version 5.4.32.Final
2023-05-24 15:30:54.047  INFO 6880 --- [main] o.hibernate.annotations.common.Version   : HCANN000001: Hibernate Commons Annotations {5.1.2.Final}
2023-05-24 15:30:54.330  INFO 6880 --- [main] org.hibernate.dialect.Dialect            : HHH000400: Using dialect: org.hibernate.dialect.PostgreSQLDialect
2023-05-24 15:30:56.156  INFO 6880 --- [main] o.h.e.t.j.p.i.JtaPlatformInitiator       : HHH000490: Using JtaPlatform implementation: [org.hibernate.engine.transaction.jta.platform.internal.NoJtaPlatform]
2023-05-24 15:30:56.204  INFO 6880 --- [main] j.LocalContainerEntityManagerFactoryBean : Initialized JPA EntityManagerFactory for persistence unit 'default'
2023-05-24 15:30:57.259  WARN 6880 --- [main] JpaBaseConfiguration$JpaWebConfiguration : spring.jpa.open-in-view is enabled by default. Therefore, database queries may be performed during view rendering. Explicitly configure spring.jpa.open-in-view to disable this warning
2023-05-24 15:30:57.757  INFO 6880 --- [main] o.s.s.web.DefaultSecurityFilterChain     : Will secure any request with [org.springframework.security.web.context.request.async.WebAsyncManagerIntegrationFilter@3462e99a, org.springframework.security.web.context.SecurityContextPersistenceFilter@749c0669, org.springframework.security.web.header.HeaderWriterFilter@4891d727, org.springframework.security.web.authentication.logout.LogoutFilter@337c0ee4, ru.danilov.raceapi.config.JWTFilter@11ee671f, org.springframework.security.web.savedrequest.RequestCacheAwareFilter@41cf4272, org.springframework.security.web.servletapi.SecurityContextHolderAwareRequestFilter@361d8567, org.springframework.security.web.authentication.AnonymousAuthenticationFilter@5300694d, org.springframework.security.web.session.SessionManagementFilter@1ba3c03d, org.springframework.security.web.access.ExceptionTranslationFilter@21ed4a51, org.springframework.security.web.access.intercept.FilterSecurityInterceptor@5e5d40ec]
2023-05-24 15:30:58.879  INFO 6880 --- [main] o.s.b.w.embedded.tomcat.TomcatWebServer  : Tomcat started on port(s): 8081 (http) with context path ''
2023-05-24 15:30:58.917  INFO 6880 --- [main] ru.danilov.raceapi.RaceApiApplication    : Started RaceApiApplication in 10.817 seconds (JVM running for 12.521)
2023-05-24 15:32:19.212  INFO 6880 --- [http-nio-8081-exec-1] o.a.c.c.C.[Tomcat].[localhost].[/]       : Initializing Spring DispatcherServlet 'dispatcherServlet'
2023-05-24 15:32:19.212  INFO 6880 --- [http-nio-8081-exec-1] o.s.web.servlet.DispatcherServlet        : Initializing Servlet 'dispatcherServlet'
2023-05-24 15:32:19.213  INFO 6880 --- [http-nio-8081-exec-1] o.s.web.servlet.DispatcherServlet        : Completed initialization in 1 ms
2023-05-24 15:37:22.516  INFO 6880 --- [SpringApplicationShutdownHook] j.LocalContainerEntityManagerFactoryBean : Closing JPA EntityManagerFactory for persistence unit 'default'
2023-05-24 15:37:22.530  INFO 6880 --- [SpringApplicationShutdownHook] com.zaxxer.hikari.HikariDataSource       : HikariPool-1 - Shutdown initiated...
2023-05-24 15:37:22.536  INFO 6880 --- [SpringApplicationShutdownHook] com.zaxxer.hikari.HikariDataSource       : HikariPool-1 - Shutdown completed.
2023-05-24 15:37:32.586  INFO 496 --- [main] ru.danilov.raceapi.RaceApiApplication    : Starting RaceApiApplication using Java 17.0.5 on DANILOVNA with PID 496 (D:\работа\projects\raceAPI\target\classes started by danilov-na in D:\работа\projects\raceAPI)
2023-05-24 15:37:32.591  INFO 496 --- [main] ru.danilov.raceapi.RaceApiApplication    : No active profile set, falling back to default profiles: default
2023-05-24 15:37:35.037  INFO 496 --- [main] .s.d.r.c.RepositoryConfigurationDelegate : Bootstrapping Spring Data JPA repositories in DEFAULT mode.
2023-05-24 15:37:35.182  INFO 496 --- [main] .s.d.r.c.RepositoryConfigurationDelegate : Finished Spring Data repository scanning in 136 ms. Found 1 JPA repository interfaces.
2023-05-24 15:37:35.659  INFO 496 --- [main] trationDelegate$BeanPostProcessorChecker : Bean 'org.springframework.security.access.expression.method.DefaultMethodSecurityExpressionHandler@173a6728' of type [org.springframework.security.access.expression.method.DefaultMethodSecurityExpressionHandler] is not eligible for getting processed by all BeanPostProcessors (for example: not eligible for auto-proxying)
2023-05-24 15:37:35.664  INFO 496 --- [main] trationDelegate$BeanPostProcessorChecker : Bean 'methodSecurityMetadataSource' of type [org.springframework.security.access.method.DelegatingMethodSecurityMetadataSource] is not eligible for getting processed by all BeanPostProcessors (for example: not eligible for auto-proxying)
2023-05-24 15:37:36.000  INFO 496 --- [main] o.s.b.w.embedded.tomcat.TomcatWebServer  : Tomcat initialized with port(s): 8081 (http)
2023-05-24 15:37:36.012  INFO 496 --- [main] o.apache.catalina.core.StandardService   : Starting service [Tomcat]
2023-05-24 15:37:36.013  INFO 496 --- [main] org.apache.catalina.core.StandardEngine  : Starting Servlet engine: [Apache Tomcat/9.0.46]
2023-05-24 15:37:36.176  INFO 496 --- [main] o.a.c.c.C.[Tomcat].[localhost].[/]       : Initializing Spring embedded WebApplicationContext
2023-05-24 15:37:36.177  INFO 496 --- [main] w.s.c.ServletWebServerApplicationContext : Root WebApplicationContext: initialization completed in 3309 ms
2023-05-24 15:37:36.337  INFO 496 --- [main] com.zaxxer.hikari.HikariDataSource       : HikariPool-1 - Starting...
2023-05-24 15:37:36.473  INFO 496 --- [main] com.zaxxer.hikari.HikariDataSource       : HikariPool-1 - Start completed.
2023-05-24 15:37:36.609  INFO 496 --- [main] o.hibernate.jpa.internal.util.LogHelper  : HHH000204: Processing PersistenceUnitInfo [name: default]
2023-05-24 15:37:36.739  INFO 496 --- [main] org.hibernate.Version                    : HHH000412: Hibernate ORM core version 5.4.32.Final
2023-05-24 15:37:37.066  INFO 496 --- [main] o.hibernate.annotations.common.Version   : HCANN000001: Hibernate Commons Annotations {5.1.2.Final}
2023-05-24 15:37:37.309  INFO 496 --- [main] org.hibernate.dialect.Dialect            : HHH000400: Using dialect: org.hibernate.dialect.PostgreSQLDialect
2023-05-24 15:37:38.337  INFO 496 --- [main] o.h.e.t.j.p.i.JtaPlatformInitiator       : HHH000490: Using JtaPlatform implementation: [org.hibernate.engine.transaction.jta.platform.internal.NoJtaPlatform]
2023-05-24 15:37:38.353  INFO 496 --- [main] j.LocalContainerEntityManagerFactoryBean : Initialized JPA EntityManagerFactory for persistence unit 'default'
2023-05-24 15:37:39.013  WARN 496 --- [main] JpaBaseConfiguration$JpaWebConfiguration : spring.jpa.open-in-view is enabled by default. Therefore, database queries may be performed during view rendering. Explicitly configure spring.jpa.open-in-view to disable this warning
2023-05-24 15:37:39.304  INFO 496 --- [main] o.s.s.web.DefaultSecurityFilterChain     : Will secure any request with [org.springframework.security.web.context.request.async.WebAsyncManagerIntegrationFilter@6fb219dd, org.springframework.security.web.context.SecurityContextPersistenceFilter@105fe81e, org.springframework.security.web.header.HeaderWriterFilter@19de32cb, org.springframework.web.filter.CorsFilter@570b85dd, org.springframework.security.web.authentication.logout.LogoutFilter@418bdde9, ru.danilov.raceapi.config.JWTFilter@20b67366, org.springframework.security.web.savedrequest.RequestCacheAwareFilter@208185c0, org.springframework.security.web.servletapi.SecurityContextHolderAwareRequestFilter@41cf4272, org.springframework.security.web.authentication.AnonymousAuthenticationFilter@28ceb25e, org.springframework.security.web.session.SessionManagementFilter@787a4519, org.springframework.security.web.access.ExceptionTranslationFilter@5c1687d1, org.springframework.security.web.access.intercept.FilterSecurityInterceptor@326dbe25]
2023-05-24 15:37:40.016  INFO 496 --- [main] o.s.b.w.embedded.tomcat.TomcatWebServer  : Tomcat started on port(s): 8081 (http) with context path ''
2023-05-24 15:37:40.034  INFO 496 --- [main] ru.danilov.raceapi.RaceApiApplication    : Started RaceApiApplication in 8.599 seconds (JVM running for 10.007)
2023-05-24 15:37:48.767  INFO 496 --- [http-nio-8081-exec-1] o.a.c.c.C.[Tomcat].[localhost].[/]       : Initializing Spring DispatcherServlet 'dispatcherServlet'
2023-05-24 15:37:48.767  INFO 496 --- [http-nio-8081-exec-1] o.s.web.servlet.DispatcherServlet        : Initializing Servlet 'dispatcherServlet'
2023-05-24 15:37:48.768  INFO 496 --- [http-nio-8081-exec-1] o.s.web.servlet.DispatcherServlet        : Completed initialization in 1 ms
2023-05-24 15:37:49.123 DEBUG 496 --- [http-nio-8081-exec-2] org.hibernate.SQL                        : select person0_.id as id1_0_, person0_.jwt_token as jwt_toke2_0_, person0_.name as name3_0_, person0_.password as password4_0_, person0_.role as role5_0_ from person person0_ where person0_.name=?
2023-05-24 15:37:49.129 TRACE 496 --- [http-nio-8081-exec-2] o.h.type.descriptor.sql.BasicBinder      : binding parameter [1] as [VARCHAR] - [user]
2023-05-24 15:37:49.167  INFO 496 --- [http-nio-8081-exec-2] ru.danilov.raceapi.RaceApiApplication    : GET: /game/list-ready
2023-05-24 15:38:26.669 DEBUG 496 --- [http-nio-8081-exec-5] org.hibernate.SQL                        : select person0_.id as id1_0_, person0_.jwt_token as jwt_toke2_0_, person0_.name as name3_0_, person0_.password as password4_0_, person0_.role as role5_0_ from person person0_ where person0_.name=?
2023-05-24 15:38:26.670 TRACE 496 --- [http-nio-8081-exec-5] o.h.type.descriptor.sql.BasicBinder      : binding parameter [1] as [VARCHAR] - [user]
2023-05-24 15:38:26.673  INFO 496 --- [http-nio-8081-exec-5] ru.danilov.raceapi.RaceApiApplication    : GET: /game/create
2023-05-24 15:38:34.114 DEBUG 496 --- [http-nio-8081-exec-6] org.hibernate.SQL                        : select person0_.id as id1_0_, person0_.jwt_token as jwt_toke2_0_, person0_.name as name3_0_, person0_.password as password4_0_, person0_.role as role5_0_ from person person0_ where person0_.name=?
2023-05-24 15:38:34.114 TRACE 496 --- [http-nio-8081-exec-6] o.h.type.descriptor.sql.BasicBinder      : binding parameter [1] as [VARCHAR] - [user]
2023-05-24 15:38:34.117  INFO 496 --- [http-nio-8081-exec-6] ru.danilov.raceapi.RaceApiApplication    : GET: /game/list-ready
2023-05-24 15:40:03.808  INFO 496 --- [SpringApplicationShutdownHook] j.LocalContainerEntityManagerFactoryBean : Closing JPA EntityManagerFactory for persistence unit 'default'
2023-05-24 15:40:03.810  INFO 496 --- [SpringApplicationShutdownHook] com.zaxxer.hikari.HikariDataSource       : HikariPool-1 - Shutdown initiated...
2023-05-24 15:40:03.817  INFO 496 --- [SpringApplicationShutdownHook] com.zaxxer.hikari.HikariDataSource       : HikariPool-1 - Shutdown completed.
2023-05-24 15:40:18.887  INFO 7648 --- [main] ru.danilov.raceapi.RaceApiApplication    : Starting RaceApiApplication using Java 17.0.5 on DANILOVNA with PID 7648 (D:\работа\projects\raceAPI\target\classes started by danilov-na in D:\работа\projects\raceAPI)
2023-05-24 15:40:18.891  INFO 7648 --- [main] ru.danilov.raceapi.RaceApiApplication    : No active profile set, falling back to default profiles: default
2023-05-24 15:40:20.296  INFO 7648 --- [main] .s.d.r.c.RepositoryConfigurationDelegate : Bootstrapping Spring Data JPA repositories in DEFAULT mode.
2023-05-24 15:40:20.385  INFO 7648 --- [main] .s.d.r.c.RepositoryConfigurationDelegate : Finished Spring Data repository scanning in 70 ms. Found 1 JPA repository interfaces.
2023-05-24 15:40:20.891  INFO 7648 --- [main] trationDelegate$BeanPostProcessorChecker : Bean 'org.springframework.security.access.expression.method.DefaultMethodSecurityExpressionHandler@46a145ba' of type [org.springframework.security.access.expression.method.DefaultMethodSecurityExpressionHandler] is not eligible for getting processed by all BeanPostProcessors (for example: not eligible for auto-proxying)
2023-05-24 15:40:20.897  INFO 7648 --- [main] trationDelegate$BeanPostProcessorChecker : Bean 'methodSecurityMetadataSource' of type [org.springframework.security.access.method.DelegatingMethodSecurityMetadataSource] is not eligible for getting processed by all BeanPostProcessors (for example: not eligible for auto-proxying)
2023-05-24 15:40:21.252  INFO 7648 --- [main] o.s.b.w.embedded.tomcat.TomcatWebServer  : Tomcat initialized with port(s): 8081 (http)
2023-05-24 15:40:21.267  INFO 7648 --- [main] o.apache.catalina.core.StandardService   : Starting service [Tomcat]
2023-05-24 15:40:21.268  INFO 7648 --- [main] org.apache.catalina.core.StandardEngine  : Starting Servlet engine: [Apache Tomcat/9.0.46]
2023-05-24 15:40:21.377  INFO 7648 --- [main] o.a.c.c.C.[Tomcat].[localhost].[/]       : Initializing Spring embedded WebApplicationContext
2023-05-24 15:40:21.378  INFO 7648 --- [main] w.s.c.ServletWebServerApplicationContext : Root WebApplicationContext: initialization completed in 2419 ms
2023-05-24 15:40:21.551  INFO 7648 --- [main] com.zaxxer.hikari.HikariDataSource       : HikariPool-1 - Starting...
2023-05-24 15:40:21.728  INFO 7648 --- [main] com.zaxxer.hikari.HikariDataSource       : HikariPool-1 - Start completed.
2023-05-24 15:40:21.818  INFO 7648 --- [main] o.hibernate.jpa.internal.util.LogHelper  : HHH000204: Processing PersistenceUnitInfo [name: default]
2023-05-24 15:40:21.892  INFO 7648 --- [main] org.hibernate.Version                    : HHH000412: Hibernate ORM core version 5.4.32.Final
2023-05-24 15:40:22.095  INFO 7648 --- [main] o.hibernate.annotations.common.Version   : HCANN000001: Hibernate Commons Annotations {5.1.2.Final}
2023-05-24 15:40:22.317  INFO 7648 --- [main] org.hibernate.dialect.Dialect            : HHH000400: Using dialect: org.hibernate.dialect.PostgreSQLDialect
2023-05-24 15:40:23.003  INFO 7648 --- [main] o.h.e.t.j.p.i.JtaPlatformInitiator       : HHH000490: Using JtaPlatform implementation: [org.hibernate.engine.transaction.jta.platform.internal.NoJtaPlatform]
2023-05-24 15:40:23.013  INFO 7648 --- [main] j.LocalContainerEntityManagerFactoryBean : Initialized JPA EntityManagerFactory for persistence unit 'default'
2023-05-24 15:40:23.578  WARN 7648 --- [main] JpaBaseConfiguration$JpaWebConfiguration : spring.jpa.open-in-view is enabled by default. Therefore, database queries may be performed during view rendering. Explicitly configure spring.jpa.open-in-view to disable this warning
2023-05-24 15:40:23.947  INFO 7648 --- [main] o.s.s.web.DefaultSecurityFilterChain     : Will secure any request with [org.springframework.security.web.context.request.async.WebAsyncManagerIntegrationFilter@326dbe25, org.springframework.security.web.context.SecurityContextPersistenceFilter@21ed4a51, org.springframework.security.web.header.HeaderWriterFilter@5862dda4, org.springframework.web.filter.CorsFilter@647aa45c, org.springframework.security.web.authentication.logout.LogoutFilter@27e3dc9a, ru.danilov.raceapi.config.JWTFilter@4b916cc2, org.springframework.security.web.savedrequest.RequestCacheAwareFilter@4891d727, org.springframework.security.web.servletapi.SecurityContextHolderAwareRequestFilter@208185c0, org.springframework.security.web.authentication.AnonymousAuthenticationFilter@3922b297, org.springframework.security.web.session.SessionManagementFilter@488279d3, org.springframework.security.web.access.ExceptionTranslationFilter@70cac22a, org.springframework.security.web.access.intercept.FilterSecurityInterceptor@1e836aed]
2023-05-24 15:40:24.588  INFO 7648 --- [main] o.s.b.w.embedded.tomcat.TomcatWebServer  : Tomcat started on port(s): 8081 (http) with context path ''
2023-05-24 15:40:24.602  INFO 7648 --- [main] ru.danilov.raceapi.RaceApiApplication    : Started RaceApiApplication in 7.242 seconds (JVM running for 12.668)
2023-05-24 15:40:30.981  INFO 7648 --- [http-nio-8081-exec-2] o.a.c.c.C.[Tomcat].[localhost].[/]       : Initializing Spring DispatcherServlet 'dispatcherServlet'
2023-05-24 15:40:30.981  INFO 7648 --- [http-nio-8081-exec-2] o.s.web.servlet.DispatcherServlet        : Initializing Servlet 'dispatcherServlet'
2023-05-24 15:40:30.982  INFO 7648 --- [http-nio-8081-exec-2] o.s.web.servlet.DispatcherServlet        : Completed initialization in 1 ms
2023-05-24 15:40:31.185 DEBUG 7648 --- [http-nio-8081-exec-2] org.hibernate.SQL                        : select person0_.id as id1_0_, person0_.jwt_token as jwt_toke2_0_, person0_.name as name3_0_, person0_.password as password4_0_, person0_.role as role5_0_ from person person0_ where person0_.name=?
2023-05-24 15:40:31.191 TRACE 7648 --- [http-nio-8081-exec-2] o.h.type.descriptor.sql.BasicBinder      : binding parameter [1] as [VARCHAR] - [user]
2023-05-24 15:40:31.281  INFO 7648 --- [http-nio-8081-exec-2] ru.danilov.raceapi.RaceApiApplication    : GET: /game/list-ready
2023-05-24 15:40:52.234 DEBUG 7648 --- [http-nio-8081-exec-5] org.hibernate.SQL                        : select person0_.id as id1_0_, person0_.jwt_token as jwt_toke2_0_, person0_.name as name3_0_, person0_.password as password4_0_, person0_.role as role5_0_ from person person0_ where person0_.name=?
2023-05-24 15:40:52.235 TRACE 7648 --- [http-nio-8081-exec-5] o.h.type.descriptor.sql.BasicBinder      : binding parameter [1] as [VARCHAR] - [user]
2023-05-24 15:40:52.237  INFO 7648 --- [http-nio-8081-exec-5] ru.danilov.raceapi.RaceApiApplication    : GET: /game/list-ready
2023-05-24 15:40:56.918 DEBUG 7648 --- [http-nio-8081-exec-4] org.hibernate.SQL                        : select person0_.id as id1_0_, person0_.jwt_token as jwt_toke2_0_, person0_.name as name3_0_, person0_.password as password4_0_, person0_.role as role5_0_ from person person0_ where person0_.name=?
2023-05-24 15:40:56.919 TRACE 7648 --- [http-nio-8081-exec-4] o.h.type.descriptor.sql.BasicBinder      : binding parameter [1] as [VARCHAR] - [user]
2023-05-24 15:40:56.924  INFO 7648 --- [http-nio-8081-exec-4] ru.danilov.raceapi.RaceApiApplication    : GET: /game/create
2023-05-24 15:41:01.017 DEBUG 7648 --- [http-nio-8081-exec-6] org.hibernate.SQL                        : select person0_.id as id1_0_, person0_.jwt_token as jwt_toke2_0_, person0_.name as name3_0_, person0_.password as password4_0_, person0_.role as role5_0_ from person person0_ where person0_.name=?
2023-05-24 15:41:01.018 TRACE 7648 --- [http-nio-8081-exec-6] o.h.type.descriptor.sql.BasicBinder      : binding parameter [1] as [VARCHAR] - [user]
2023-05-24 15:41:01.022  INFO 7648 --- [http-nio-8081-exec-6] ru.danilov.raceapi.RaceApiApplication    : GET: /game/list-ready
2023-05-24 15:41:02.850 DEBUG 7648 --- [http-nio-8081-exec-7] org.hibernate.SQL                        : select person0_.id as id1_0_, person0_.jwt_token as jwt_toke2_0_, person0_.name as name3_0_, person0_.password as password4_0_, person0_.role as role5_0_ from person person0_ where person0_.name=?
2023-05-24 15:41:02.851 TRACE 7648 --- [http-nio-8081-exec-7] o.h.type.descriptor.sql.BasicBinder      : binding parameter [1] as [VARCHAR] - [user]
2023-05-24 15:41:02.854  INFO 7648 --- [http-nio-8081-exec-7] ru.danilov.raceapi.RaceApiApplication    : GET: /game/list-ready
2023-05-24 15:41:35.292  INFO 7648 --- [SpringApplicationShutdownHook] j.LocalContainerEntityManagerFactoryBean : Closing JPA EntityManagerFactory for persistence unit 'default'
2023-05-24 15:41:35.295  INFO 7648 --- [SpringApplicationShutdownHook] com.zaxxer.hikari.HikariDataSource       : HikariPool-1 - Shutdown initiated...
2023-05-24 15:41:35.303  INFO 7648 --- [SpringApplicationShutdownHook] com.zaxxer.hikari.HikariDataSource       : HikariPool-1 - Shutdown completed.
2023-05-24 15:41:47.358  INFO 9352 --- [main] ru.danilov.raceapi.RaceApiApplication    : Starting RaceApiApplication using Java 17.0.5 on DANILOVNA with PID 9352 (D:\работа\projects\raceAPI\target\classes started by danilov-na in D:\работа\projects\raceAPI)
2023-05-24 15:41:47.362  INFO 9352 --- [main] ru.danilov.raceapi.RaceApiApplication    : No active profile set, falling back to default profiles: default
2023-05-24 15:41:49.019  INFO 9352 --- [main] .s.d.r.c.RepositoryConfigurationDelegate : Bootstrapping Spring Data JPA repositories in DEFAULT mode.
2023-05-24 15:41:49.135  INFO 9352 --- [main] .s.d.r.c.RepositoryConfigurationDelegate : Finished Spring Data repository scanning in 101 ms. Found 1 JPA repository interfaces.
2023-05-24 15:41:49.668  INFO 9352 --- [main] trationDelegate$BeanPostProcessorChecker : Bean 'org.springframework.security.access.expression.method.DefaultMethodSecurityExpressionHandler@6e4c0d8c' of type [org.springframework.security.access.expression.method.DefaultMethodSecurityExpressionHandler] is not eligible for getting processed by all BeanPostProcessors (for example: not eligible for auto-proxying)
2023-05-24 15:41:49.677  INFO 9352 --- [main] trationDelegate$BeanPostProcessorChecker : Bean 'methodSecurityMetadataSource' of type [org.springframework.security.access.method.DelegatingMethodSecurityMetadataSource] is not eligible for getting processed by all BeanPostProcessors (for example: not eligible for auto-proxying)
2023-05-24 15:41:50.069  INFO 9352 --- [main] o.s.b.w.embedded.tomcat.TomcatWebServer  : Tomcat initialized with port(s): 8081 (http)
2023-05-24 15:41:50.082  INFO 9352 --- [main] o.apache.catalina.core.StandardService   : Starting service [Tomcat]
2023-05-24 15:41:50.082  INFO 9352 --- [main] org.apache.catalina.core.StandardEngine  : Starting Servlet engine: [Apache Tomcat/9.0.46]
2023-05-24 15:41:50.228  INFO 9352 --- [main] o.a.c.c.C.[Tomcat].[localhost].[/]       : Initializing Spring embedded WebApplicationContext
2023-05-24 15:41:50.228  INFO 9352 --- [main] w.s.c.ServletWebServerApplicationContext : Root WebApplicationContext: initialization completed in 2705 ms
2023-05-24 15:41:50.395  INFO 9352 --- [main] com.zaxxer.hikari.HikariDataSource       : HikariPool-1 - Starting...
2023-05-24 15:41:50.526  INFO 9352 --- [main] com.zaxxer.hikari.HikariDataSource       : HikariPool-1 - Start completed.
2023-05-24 15:41:50.613  INFO 9352 --- [main] o.hibernate.jpa.internal.util.LogHelper  : HHH000204: Processing PersistenceUnitInfo [name: default]
2023-05-24 15:41:50.676  INFO 9352 --- [main] org.hibernate.Version                    : HHH000412: Hibernate ORM core version 5.4.32.Final
2023-05-24 15:41:50.855  INFO 9352 --- [main] o.hibernate.annotations.common.Version   : HCANN000001: Hibernate Commons Annotations {5.1.2.Final}
2023-05-24 15:41:51.054  INFO 9352 --- [main] org.hibernate.dialect.Dialect            : HHH000400: Using dialect: org.hibernate.dialect.PostgreSQLDialect
2023-05-24 15:41:51.726  INFO 9352 --- [main] o.h.e.t.j.p.i.JtaPlatformInitiator       : HHH000490: Using JtaPlatform implementation: [org.hibernate.engine.transaction.jta.platform.internal.NoJtaPlatform]
2023-05-24 15:41:51.735  INFO 9352 --- [main] j.LocalContainerEntityManagerFactoryBean : Initialized JPA EntityManagerFactory for persistence unit 'default'
2023-05-24 15:41:52.280  WARN 9352 --- [main] JpaBaseConfiguration$JpaWebConfiguration : spring.jpa.open-in-view is enabled by default. Therefore, database queries may be performed during view rendering. Explicitly configure spring.jpa.open-in-view to disable this warning
2023-05-24 15:41:52.739  INFO 9352 --- [main] o.s.s.web.DefaultSecurityFilterChain     : Will secure any request with [org.springframework.security.web.context.request.async.WebAsyncManagerIntegrationFilter@7a13ad55, org.springframework.security.web.context.SecurityContextPersistenceFilter@24563809, org.springframework.security.web.header.HeaderWriterFilter@13e0f380, org.springframework.web.filter.CorsFilter@303db609, org.springframework.security.web.authentication.logout.LogoutFilter@3f142e87, ru.danilov.raceapi.config.JWTFilter@72bce309, org.springframework.security.web.savedrequest.RequestCacheAwareFilter@54087bdb, org.springframework.security.web.servletapi.SecurityContextHolderAwareRequestFilter@4fe9a396, org.springframework.security.web.authentication.AnonymousAuthenticationFilter@20a116a0, org.springframework.security.web.session.SessionManagementFilter@176054b7, org.springframework.security.web.access.ExceptionTranslationFilter@682fe17b, org.springframework.security.web.access.intercept.FilterSecurityInterceptor@c31419f]
2023-05-24 15:41:53.152  INFO 9352 --- [main] o.s.b.w.embedded.tomcat.TomcatWebServer  : Tomcat started on port(s): 8081 (http) with context path ''
2023-05-24 15:41:53.165  INFO 9352 --- [main] ru.danilov.raceapi.RaceApiApplication    : Started RaceApiApplication in 6.818 seconds (JVM running for 8.108)
2023-05-24 15:41:56.752  INFO 9352 --- [http-nio-8081-exec-2] o.a.c.c.C.[Tomcat].[localhost].[/]       : Initializing Spring DispatcherServlet 'dispatcherServlet'
2023-05-24 15:41:56.753  INFO 9352 --- [http-nio-8081-exec-2] o.s.web.servlet.DispatcherServlet        : Initializing Servlet 'dispatcherServlet'
2023-05-24 15:41:56.756  INFO 9352 --- [http-nio-8081-exec-2] o.s.web.servlet.DispatcherServlet        : Completed initialization in 3 ms
2023-05-24 15:41:57.080 DEBUG 9352 --- [http-nio-8081-exec-2] org.hibernate.SQL                        : select person0_.id as id1_0_, person0_.jwt_token as jwt_toke2_0_, person0_.name as name3_0_, person0_.password as password4_0_, person0_.role as role5_0_ from person person0_ where person0_.name=?
2023-05-24 15:41:57.086 TRACE 9352 --- [http-nio-8081-exec-2] o.h.type.descriptor.sql.BasicBinder      : binding parameter [1] as [VARCHAR] - [user]
2023-05-24 15:41:57.125  INFO 9352 --- [http-nio-8081-exec-2] ru.danilov.raceapi.RaceApiApplication    : GET: /game/create
2023-05-24 15:42:01.192 DEBUG 9352 --- [http-nio-8081-exec-3] org.hibernate.SQL                        : select person0_.id as id1_0_, person0_.jwt_token as jwt_toke2_0_, person0_.name as name3_0_, person0_.password as password4_0_, person0_.role as role5_0_ from person person0_ where person0_.name=?
2023-05-24 15:42:01.193 TRACE 9352 --- [http-nio-8081-exec-3] o.h.type.descriptor.sql.BasicBinder      : binding parameter [1] as [VARCHAR] - [user]
2023-05-24 15:42:01.195  INFO 9352 --- [http-nio-8081-exec-3] ru.danilov.raceapi.RaceApiApplication    : GET: /game/list-ready
2023-05-24 15:42:22.177 DEBUG 9352 --- [http-nio-8081-exec-5] org.hibernate.SQL                        : select person0_.id as id1_0_, person0_.jwt_token as jwt_toke2_0_, person0_.name as name3_0_, person0_.password as password4_0_, person0_.role as role5_0_ from person person0_ where person0_.name=?
2023-05-24 15:42:22.178 TRACE 9352 --- [http-nio-8081-exec-5] o.h.type.descriptor.sql.BasicBinder      : binding parameter [1] as [VARCHAR] - [user]
2023-05-24 15:42:22.180  INFO 9352 --- [http-nio-8081-exec-5] ru.danilov.raceapi.RaceApiApplication    : GET: /game/list-ready
2023-05-24 15:42:50.691  INFO 9352 --- [SpringApplicationShutdownHook] j.LocalContainerEntityManagerFactoryBean : Closing JPA EntityManagerFactory for persistence unit 'default'
2023-05-24 15:42:50.694  INFO 9352 --- [SpringApplicationShutdownHook] com.zaxxer.hikari.HikariDataSource       : HikariPool-1 - Shutdown initiated...
2023-05-24 15:42:50.700  INFO 9352 --- [SpringApplicationShutdownHook] com.zaxxer.hikari.HikariDataSource       : HikariPool-1 - Shutdown completed.
2023-05-24 15:42:58.592  INFO 1724 --- [main] ru.danilov.raceapi.RaceApiApplication    : Starting RaceApiApplication using Java 17.0.5 on DANILOVNA with PID 1724 (D:\работа\projects\raceAPI\target\classes started by danilov-na in D:\работа\projects\raceAPI)
2023-05-24 15:42:58.597  INFO 1724 --- [main] ru.danilov.raceapi.RaceApiApplication    : No active profile set, falling back to default profiles: default
2023-05-24 15:43:00.028  INFO 1724 --- [main] .s.d.r.c.RepositoryConfigurationDelegate : Bootstrapping Spring Data JPA repositories in DEFAULT mode.
2023-05-24 15:43:00.115  INFO 1724 --- [main] .s.d.r.c.RepositoryConfigurationDelegate : Finished Spring Data repository scanning in 74 ms. Found 1 JPA repository interfaces.
2023-05-24 15:43:00.636  INFO 1724 --- [main] trationDelegate$BeanPostProcessorChecker : Bean 'org.springframework.security.access.expression.method.DefaultMethodSecurityExpressionHandler@34780cd9' of type [org.springframework.security.access.expression.method.DefaultMethodSecurityExpressionHandler] is not eligible for getting processed by all BeanPostProcessors (for example: not eligible for auto-proxying)
2023-05-24 15:43:00.641  INFO 1724 --- [main] trationDelegate$BeanPostProcessorChecker : Bean 'methodSecurityMetadataSource' of type [org.springframework.security.access.method.DelegatingMethodSecurityMetadataSource] is not eligible for getting processed by all BeanPostProcessors (for example: not eligible for auto-proxying)
2023-05-24 15:43:00.960  INFO 1724 --- [main] o.s.b.w.embedded.tomcat.TomcatWebServer  : Tomcat initialized with port(s): 8081 (http)
2023-05-24 15:43:00.971  INFO 1724 --- [main] o.apache.catalina.core.StandardService   : Starting service [Tomcat]
2023-05-24 15:43:00.972  INFO 1724 --- [main] org.apache.catalina.core.StandardEngine  : Starting Servlet engine: [Apache Tomcat/9.0.46]
2023-05-24 15:43:01.084  INFO 1724 --- [main] o.a.c.c.C.[Tomcat].[localhost].[/]       : Initializing Spring embedded WebApplicationContext
2023-05-24 15:43:01.084  INFO 1724 --- [main] w.s.c.ServletWebServerApplicationContext : Root WebApplicationContext: initialization completed in 2407 ms
2023-05-24 15:43:01.215  INFO 1724 --- [main] com.zaxxer.hikari.HikariDataSource       : HikariPool-1 - Starting...
2023-05-24 15:43:01.346  INFO 1724 --- [main] com.zaxxer.hikari.HikariDataSource       : HikariPool-1 - Start completed.
2023-05-24 15:43:01.444  INFO 1724 --- [main] o.hibernate.jpa.internal.util.LogHelper  : HHH000204: Processing PersistenceUnitInfo [name: default]
2023-05-24 15:43:01.508  INFO 1724 --- [main] org.hibernate.Version                    : HHH000412: Hibernate ORM core version 5.4.32.Final
2023-05-24 15:43:01.734  INFO 1724 --- [main] o.hibernate.annotations.common.Version   : HCANN000001: Hibernate Commons Annotations {5.1.2.Final}
2023-05-24 15:43:01.930  INFO 1724 --- [main] org.hibernate.dialect.Dialect            : HHH000400: Using dialect: org.hibernate.dialect.PostgreSQLDialect
2023-05-24 15:43:02.611  INFO 1724 --- [main] o.h.e.t.j.p.i.JtaPlatformInitiator       : HHH000490: Using JtaPlatform implementation: [org.hibernate.engine.transaction.jta.platform.internal.NoJtaPlatform]
2023-05-24 15:43:02.620  INFO 1724 --- [main] j.LocalContainerEntityManagerFactoryBean : Initialized JPA EntityManagerFactory for persistence unit 'default'
2023-05-24 15:43:03.130  WARN 1724 --- [main] JpaBaseConfiguration$JpaWebConfiguration : spring.jpa.open-in-view is enabled by default. Therefore, database queries may be performed during view rendering. Explicitly configure spring.jpa.open-in-view to disable this warning
2023-05-24 15:43:03.405  INFO 1724 --- [main] o.s.s.web.DefaultSecurityFilterChain     : Will secure any request with [org.springframework.security.web.context.request.async.WebAsyncManagerIntegrationFilter@6d41200c, org.springframework.security.web.context.SecurityContextPersistenceFilter@35c95869, org.springframework.security.web.header.HeaderWriterFilter@208185c0, org.springframework.security.web.authentication.logout.LogoutFilter@41d84abb, ru.danilov.raceapi.config.JWTFilter@7474196, org.springframework.security.web.savedrequest.RequestCacheAwareFilter@361d8567, org.springframework.security.web.servletapi.SecurityContextHolderAwareRequestFilter@7348e75e, org.springframework.security.web.authentication.AnonymousAuthenticationFilter@522fb69, org.springframework.security.web.session.SessionManagementFilter@7ee3a2ed, org.springframework.security.web.access.ExceptionTranslationFilter@21ed4a51, org.springframework.security.web.access.intercept.FilterSecurityInterceptor@7320750c]
2023-05-24 15:43:04.104  INFO 1724 --- [main] o.s.b.w.embedded.tomcat.TomcatWebServer  : Tomcat started on port(s): 8081 (http) with context path ''
2023-05-24 15:43:04.117  INFO 1724 --- [main] ru.danilov.raceapi.RaceApiApplication    : Started RaceApiApplication in 6.348 seconds (JVM running for 7.473)
2023-05-24 15:43:09.224  INFO 1724 --- [http-nio-8081-exec-1] o.a.c.c.C.[Tomcat].[localhost].[/]       : Initializing Spring DispatcherServlet 'dispatcherServlet'
2023-05-24 15:43:09.224  INFO 1724 --- [http-nio-8081-exec-1] o.s.web.servlet.DispatcherServlet        : Initializing Servlet 'dispatcherServlet'
2023-05-24 15:43:09.226  INFO 1724 --- [http-nio-8081-exec-1] o.s.web.servlet.DispatcherServlet        : Completed initialization in 2 ms
2023-05-24 15:43:09.501 DEBUG 1724 --- [http-nio-8081-exec-1] org.hibernate.SQL                        : select person0_.id as id1_0_, person0_.jwt_token as jwt_toke2_0_, person0_.name as name3_0_, person0_.password as password4_0_, person0_.role as role5_0_ from person person0_ where person0_.name=?
2023-05-24 15:43:09.509 TRACE 1724 --- [http-nio-8081-exec-1] o.h.type.descriptor.sql.BasicBinder      : binding parameter [1] as [VARCHAR] - [user]
2023-05-24 15:43:09.554  INFO 1724 --- [http-nio-8081-exec-1] ru.danilov.raceapi.RaceApiApplication    : GET: /game/create
2023-05-24 15:43:14.345 DEBUG 1724 --- [http-nio-8081-exec-3] org.hibernate.SQL                        : select person0_.id as id1_0_, person0_.jwt_token as jwt_toke2_0_, person0_.name as name3_0_, person0_.password as password4_0_, person0_.role as role5_0_ from person person0_ where person0_.name=?
2023-05-24 15:43:14.346 TRACE 1724 --- [http-nio-8081-exec-3] o.h.type.descriptor.sql.BasicBinder      : binding parameter [1] as [VARCHAR] - [user]
2023-05-24 15:43:14.349  INFO 1724 --- [http-nio-8081-exec-3] ru.danilov.raceapi.RaceApiApplication    : GET: /game/list-ready
2023-05-24 15:43:22.529  INFO 1724 --- [SpringApplicationShutdownHook] j.LocalContainerEntityManagerFactoryBean : Closing JPA EntityManagerFactory for persistence unit 'default'
2023-05-24 15:43:22.532  INFO 1724 --- [SpringApplicationShutdownHook] com.zaxxer.hikari.HikariDataSource       : HikariPool-1 - Shutdown initiated...
2023-05-24 15:43:22.541  INFO 1724 --- [SpringApplicationShutdownHook] com.zaxxer.hikari.HikariDataSource       : HikariPool-1 - Shutdown completed.
